This is pdfTeX, Version 3.14159265-2.6-1.40.16 (TeX Live 2015/Debian) (preloaded format=pdflatex 2018.2.18)  23 APR 2018 18:26
entering extended mode
 restricted \write18 enabled.
 %&-line parsing enabled.
**"Chapter TopoQW.tex"
(./Chapter TopoQW.tex
LaTeX2e <2016/02/01>
Babel <3.9q> and hyphenation patterns for 5 language(s) loaded.
(/usr/share/texlive/texmf-dist/tex/latex/base/report.cls
Document Class: report 2014/09/29 v1.4h Standard LaTeX document class
(/usr/share/texlive/texmf-dist/tex/latex/base/size11.clo
File: size11.clo 2014/09/29 v1.4h Standard LaTeX file (size option)
)
\c@part=\count79
\c@chapter=\count80
\c@section=\count81
\c@subsection=\count82
\c@subsubsection=\count83
\c@paragraph=\count84
\c@subparagraph=\count85
\c@figure=\count86
\c@table=\count87
\abovecaptionskip=\skip41
\belowcaptionskip=\skip42
\bibindent=\dimen102
)
(/usr/share/texlive/texmf-dist/tex/latex/amsmath/amsmath.sty
Package: amsmath 2016/03/03 v2.15a AMS math features
\@mathmargin=\skip43

For additional information on amsmath, use the `?' option.
(/usr/share/texlive/texmf-dist/tex/latex/amsmath/amstext.sty
Package: amstext 2000/06/29 v2.01 AMS text

(/usr/share/texlive/texmf-dist/tex/latex/amsmath/amsgen.sty
File: amsgen.sty 1999/11/30 v2.0 generic functions
\@emptytoks=\toks14
\ex@=\dimen103
))
(/usr/share/texlive/texmf-dist/tex/latex/amsmath/amsbsy.sty
Package: amsbsy 1999/11/29 v1.2d Bold Symbols
\pmbraise@=\dimen104
)
(/usr/share/texlive/texmf-dist/tex/latex/amsmath/amsopn.sty
Package: amsopn 1999/12/14 v2.01 operator names
)
\inf@bad=\count88
LaTeX Info: Redefining \frac on input line 199.
\uproot@=\count89
\leftroot@=\count90
LaTeX Info: Redefining \overline on input line 297.
\classnum@=\count91
\DOTSCASE@=\count92
LaTeX Info: Redefining \ldots on input line 394.
LaTeX Info: Redefining \dots on input line 397.
LaTeX Info: Redefining \cdots on input line 518.
\Mathstrutbox@=\box26
\strutbox@=\box27
\big@size=\dimen105
LaTeX Font Info:    Redeclaring font encoding OML on input line 630.
LaTeX Font Info:    Redeclaring font encoding OMS on input line 631.
\macc@depth=\count93
\c@MaxMatrixCols=\count94
\dotsspace@=\muskip10
\c@parentequation=\count95
\dspbrk@lvl=\count96
\tag@help=\toks15
\row@=\count97
\column@=\count98
\maxfields@=\count99
\andhelp@=\toks16
\eqnshift@=\dimen106
\alignsep@=\dimen107
\tagshift@=\dimen108
\tagwidth@=\dimen109
\totwidth@=\dimen110
\lineht@=\dimen111
\@envbody=\toks17
\multlinegap=\skip44
\multlinetaggap=\skip45
\mathdisplay@stack=\toks18
LaTeX Info: Redefining \[ on input line 2735.
LaTeX Info: Redefining \] on input line 2736.
)
(/usr/share/texlive/texmf-dist/tex/latex/amscls/amsthm.sty
Package: amsthm 2015/03/04 v2.20.2
\thm@style=\toks19
\thm@bodyfont=\toks20
\thm@headfont=\toks21
\thm@notefont=\toks22
\thm@headpunct=\toks23
\thm@preskip=\skip46
\thm@postskip=\skip47
\thm@headsep=\skip48
\dth@everypar=\toks24
)
(/usr/share/texlive/texmf-dist/tex/latex/amsfonts/amssymb.sty
Package: amssymb 2013/01/14 v3.01 AMS font symbols

(/usr/share/texlive/texmf-dist/tex/latex/amsfonts/amsfonts.sty
Package: amsfonts 2013/01/14 v3.01 Basic AMSFonts support
\symAMSa=\mathgroup4
\symAMSb=\mathgroup5
LaTeX Font Info:    Overwriting math alphabet `\mathfrak' in version `bold'
(Font)                  U/euf/m/n --> U/euf/b/n on input line 106.
))
(/usr/share/texlive/texmf-dist/tex/latex/float/float.sty
Package: float 2001/11/08 v1.3d Float enhancements (AL)
\c@float@type=\count100
\float@exts=\toks25
\float@box=\box28
\@float@everytoks=\toks26
\@floatcapt=\box29
)
(/usr/share/texlive/texmf-dist/tex/latex/graphics/graphicx.sty
Package: graphicx 2014/10/28 v1.0g Enhanced LaTeX Graphics (DPC,SPQR)

(/usr/share/texlive/texmf-dist/tex/latex/graphics/keyval.sty
Package: keyval 2014/10/28 v1.15 key=value parser (DPC)
\KV@toks@=\toks27
)
(/usr/share/texlive/texmf-dist/tex/latex/graphics/graphics.sty
Package: graphics 2016/01/03 v1.0q Standard LaTeX Graphics (DPC,SPQR)

(/usr/share/texlive/texmf-dist/tex/latex/graphics/trig.sty
Package: trig 2016/01/03 v1.10 sin cos tan (DPC)
)
(/usr/share/texlive/texmf-dist/tex/latex/latexconfig/graphics.cfg
File: graphics.cfg 2010/04/23 v1.9 graphics configuration of TeX Live
)
Package graphics Info: Driver file: pdftex.def on input line 95.

(/usr/share/texlive/texmf-dist/tex/latex/pdftex-def/pdftex.def
File: pdftex.def 2011/05/27 v0.06d Graphics/color for pdfTeX

(/usr/share/texlive/texmf-dist/tex/generic/oberdiek/infwarerr.sty
Package: infwarerr 2010/04/08 v1.3 Providing info/warning/error messages (HO)
)
(/usr/share/texlive/texmf-dist/tex/generic/oberdiek/ltxcmds.sty
Package: ltxcmds 2011/11/09 v1.22 LaTeX kernel commands for general use (HO)
)
\Gread@gobject=\count101
))
\Gin@req@height=\dimen112
\Gin@req@width=\dimen113
)
(/usr/share/texlive/texmf-dist/tex/latex/caption/caption.sty
Package: caption 2016/02/21 v3.3-144 Customizing captions (AR)

(/usr/share/texlive/texmf-dist/tex/latex/caption/caption3.sty
Package: caption3 2016/02/04 v1.7-139 caption3 kernel (AR)
Package caption3 Info: TeX engine: e-TeX on input line 67.
\captionmargin=\dimen114
\captionmargin@=\dimen115
\captionwidth=\dimen116
\caption@tempdima=\dimen117
\caption@indent=\dimen118
\caption@parindent=\dimen119
\caption@hangindent=\dimen120
)
\c@ContinuedFloat=\count102
Package caption Info: float package is loaded.
)
(/usr/share/texlive/texmf-dist/tex/latex/caption/subcaption.sty
Package: subcaption 2016/02/20 v1.1-142 Sub-captions (AR)
\c@subfigure=\count103
\c@subtable=\count104
)
(/usr/share/texlive/texmf-dist/tex/latex/cite/cite.sty
LaTeX Info: Redefining \cite on input line 302.
LaTeX Info: Redefining \nocite on input line 332.
Package: cite 2015/02/27  v 5.5
)
(/usr/share/texlive/texmf-dist/tex/latex/braket/braket.sty)
(/usr/share/texlive/texmf-dist/tex/latex/url/url.sty
\Urlmuskip=\muskip11
Package: url 2013/09/16  ver 3.4  Verb mode for urls, etc.
)
(/usr/share/texlive/texmf-dist/tex/latex/graphics/color.sty
Package: color 2016/01/03 v1.1b Standard LaTeX Color (DPC)

(/usr/share/texlive/texmf-dist/tex/latex/latexconfig/color.cfg
File: color.cfg 2007/01/18 v1.5 color configuration of teTeX/TeXLive
)
Package color Info: Driver file: pdftex.def on input line 143.
)
(/usr/share/texlive/texmf-dist/tex/latex/tools/verbatim.sty
Package: verbatim 2014/10/28 v1.5q LaTeX2e package for verbatim enhancements
\every@verbatim=\toks28
\verbatim@line=\toks29
\verbatim@in@stream=\read1
)
(/usr/share/texlive/texmf-dist/tex/latex/graphics/epsfig.sty
Package: epsfig 1999/02/16 v1.7a (e)psfig emulation (SPQR)
\epsfxsize=\dimen121
\epsfysize=\dimen122
)
(/usr/share/texlive/texmf-dist/tex/latex/oberdiek/epstopdf.sty
Package: epstopdf 2010/02/09 v2.5 Conversion with epstopdf on the fly (HO)

(/usr/share/texlive/texmf-dist/tex/latex/oberdiek/epstopdf-base.sty
Package: epstopdf-base 2010/02/09 v2.5 Base part for package epstopdf

(/usr/share/texlive/texmf-dist/tex/latex/oberdiek/grfext.sty
Package: grfext 2010/08/19 v1.1 Manage graphics extensions (HO)

(/usr/share/texlive/texmf-dist/tex/generic/oberdiek/kvdefinekeys.sty
Package: kvdefinekeys 2011/04/07 v1.3 Define keys (HO)
))
(/usr/share/texlive/texmf-dist/tex/latex/oberdiek/kvoptions.sty
Package: kvoptions 2011/06/30 v3.11 Key value format for package options (HO)

(/usr/share/texlive/texmf-dist/tex/generic/oberdiek/kvsetkeys.sty
Package: kvsetkeys 2012/04/25 v1.16 Key value parser (HO)

(/usr/share/texlive/texmf-dist/tex/generic/oberdiek/etexcmds.sty
Package: etexcmds 2011/02/16 v1.5 Avoid name clashes with e-TeX commands (HO)

(/usr/share/texlive/texmf-dist/tex/generic/oberdiek/ifluatex.sty
Package: ifluatex 2010/03/01 v1.3 Provides the ifluatex switch (HO)
Package ifluatex Info: LuaTeX not detected.
)
Package etexcmds Info: Could not find \expanded.
(etexcmds)             That can mean that you are not using pdfTeX 1.50 or
(etexcmds)             that some package has redefined \expanded.
(etexcmds)             In the latter case, load this package earlier.
)))
(/usr/share/texlive/texmf-dist/tex/generic/oberdiek/pdftexcmds.sty
Package: pdftexcmds 2011/11/29 v0.20 Utility functions of pdfTeX for LuaTeX (HO
)

(/usr/share/texlive/texmf-dist/tex/generic/oberdiek/ifpdf.sty
Package: ifpdf 2011/01/30 v2.3 Provides the ifpdf switch (HO)
Package ifpdf Info: pdfTeX in PDF mode is detected.
)
Package pdftexcmds Info: LuaTeX not detected.
Package pdftexcmds Info: \pdf@primitive is available.
Package pdftexcmds Info: \pdf@ifprimitive is available.
Package pdftexcmds Info: \pdfdraftmode found.
)
Package grfext Info: Graphics extension search list:
(grfext)             [.png,.pdf,.jpg,.mps,.jpeg,.jbig2,.jb2,.PNG,.PDF,.JPG,.JPE
G,.JBIG2,.JB2,.eps]
(grfext)             \AppendGraphicsExtensions on input line 452.

(/usr/share/texlive/texmf-dist/tex/latex/latexconfig/epstopdf-sys.cfg
File: epstopdf-sys.cfg 2010/07/13 v1.3 Configuration of (r)epstopdf for TeX Liv
e
)))
(/usr/share/texlive/texmf-dist/tex/latex/geometry/geometry.sty
Package: geometry 2010/09/12 v5.6 Page Geometry

(/usr/share/texlive/texmf-dist/tex/generic/oberdiek/ifvtex.sty
Package: ifvtex 2010/03/01 v1.5 Detect VTeX and its facilities (HO)
Package ifvtex Info: VTeX not detected.
)
(/usr/share/texlive/texmf-dist/tex/generic/ifxetex/ifxetex.sty
Package: ifxetex 2010/09/12 v0.6 Provides ifxetex conditional
)
\Gm@cnth=\count105
\Gm@cntv=\count106
\c@Gm@tempcnt=\count107
\Gm@bindingoffset=\dimen123
\Gm@wd@mp=\dimen124
\Gm@odd@mp=\dimen125
\Gm@even@mp=\dimen126
\Gm@layoutwidth=\dimen127
\Gm@layoutheight=\dimen128
\Gm@layouthoffset=\dimen129
\Gm@layoutvoffset=\dimen130
\Gm@dimlist=\toks30
)
\c@lemma=\count108
\c@theorem=\count109
\c@proposition=\count110
\c@definition=\count111
\c@protocol=\count112

(./Chapter TopoQW.aux)
\openout1 = `"Chapter TopoQW.aux"'.

LaTeX Font Info:    Checking defaults for OML/cmm/m/it on input line 53.
LaTeX Font Info:    ... okay on input line 53.
LaTeX Font Info:    Checking defaults for T1/cmr/m/n on input line 53.
LaTeX Font Info:    ... okay on input line 53.
LaTeX Font Info:    Checking defaults for OT1/cmr/m/n on input line 53.
LaTeX Font Info:    ... okay on input line 53.
LaTeX Font Info:    Checking defaults for OMS/cmsy/m/n on input line 53.
LaTeX Font Info:    ... okay on input line 53.
LaTeX Font Info:    Checking defaults for OMX/cmex/m/n on input line 53.
LaTeX Font Info:    ... okay on input line 53.
LaTeX Font Info:    Checking defaults for U/cmr/m/n on input line 53.
LaTeX Font Info:    ... okay on input line 53.

(/usr/share/texlive/texmf-dist/tex/context/base/supp-pdf.mkii
[Loading MPS to PDF converter (version 2006.09.02).]
\scratchcounter=\count113
\scratchdimen=\dimen131
\scratchbox=\box30
\nofMPsegments=\count114
\nofMParguments=\count115
\everyMPshowfont=\toks31
\MPscratchCnt=\count116
\MPscratchDim=\dimen132
\MPnumerator=\count117
\makeMPintoPDFobject=\count118
\everyMPtoPDFconversion=\toks32
)
Package caption Info: Begin \AtBeginDocument code.
Package caption Info: End \AtBeginDocument code.

*geometry* driver: auto-detecting
*geometry* detected driver: pdftex
*geometry* verbose mode - [ preamble ] result:
* driver: pdftex
* paper: <default>
* layout: <same size as paper>
* layoutoffset:(h,v)=(0.0pt,0.0pt)
* modes: 
* h-part:(L,W,R)=(71.13188pt, 472.03123pt, 71.13188pt)
* v-part:(T,H,B)=(71.13188pt, 652.70622pt, 71.13188pt)
* \paperwidth=614.295pt
* \paperheight=794.96999pt
* \textwidth=472.03123pt
* \textheight=652.70622pt
* \oddsidemargin=-1.1381pt
* \evensidemargin=-1.1381pt
* \topmargin=-38.1381pt
* \headheight=12.0pt
* \headsep=25.0pt
* \topskip=11.0pt
* \footskip=30.0pt
* \marginparwidth=59.0pt
* \marginparsep=10.0pt
* \columnsep=10.0pt
* \skip\footins=10.0pt plus 4.0pt minus 2.0pt
* \hoffset=0.0pt
* \voffset=0.0pt
* \mag=1000
* \@twocolumnfalse
* \@twosidefalse
* \@mparswitchfalse
* \@reversemarginfalse
* (1in=72.27pt=25.4mm, 1cm=28.453pt)

Chapter 1.

LaTeX Warning: Citation `kit:rud:ber:dem:10' on page 1 undefined on input line 
57.


LaTeX Warning: Citation `sch:ryu:fur:lud:08' on page 1 undefined on input line 
57.


LaTeX Warning: Citation `kit:09' on page 1 undefined on input line 57.


LaTeX Warning: Citation `kit:12' on page 1 undefined on input line 57.


LaTeX Warning: Citation `kit:exp:12' on page 1 undefined on input line 57.


LaTeX Warning: Citation `rak:asb:alb:16' on page 1 undefined on input line 57.


LaTeX Warning: Citation `gro:bra:alt:mes:asb:16' on page 1 undefined on input l
ine 57.


LaTeX Warning: Citation `mug:cel:mas:asb:lew:lob:16' on page 1 undefined on inp
ut line 57.

LaTeX Font Info:    Try loading font information for U+msa on input line 58.
(/usr/share/texlive/texmf-dist/tex/latex/amsfonts/umsa.fd
File: umsa.fd 2013/01/14 v3.01 AMS symbols A
)
LaTeX Font Info:    Try loading font information for U+msb on input line 58.

(/usr/share/texlive/texmf-dist/tex/latex/amsfonts/umsb.fd
File: umsb.fd 2013/01/14 v3.01 AMS symbols B
)

LaTeX Warning: Citation `kit:rud:ber:dem:10' on page 1 undefined on input line 
61.


LaTeX Warning: Citation `kit:12' on page 1 undefined on input line 61.


LaTeX Warning: Citation `mer:vla:pau:vie:17:qw' on page 1 undefined on input li
ne 65.

[1


{/var/lib/texmf/fonts/map/pdftex/updmap/pdftex.map}]

LaTeX Warning: Citation `sch:ryu:fur:lud:08' on page 2 undefined on input line 
74.


LaTeX Warning: Citation `kit:09' on page 2 undefined on input line 74.


LaTeX Warning: Citation `kit:rud:ber:dem:10' on page 2 undefined on input line 
75.


LaTeX Warning: Citation `kit:rud:ber:dem:10' on page 2 undefined on input line 
75.


LaTeX Warning: Citation `kit:ber:rud:dem:10' on page 2 undefined on input line 
92.


LaTeX Warning: Citation `sch:ryu:fur:lud:08' on page 2 undefined on input line 
92.


LaTeX Warning: Citation `kit:09' on page 2 undefined on input line 92.


LaTeX Warning: Citation `kit:ber:rud:dem:10' on page 2 undefined on input line 
98.


LaTeX Warning: Citation `asb:12' on page 2 undefined on input line 99.


LaTeX Warning: Citation `asb:obu:13' on page 2 undefined on input line 99.


LaTeX Warning: Citation `kit:rud:ber:dem:10' on page 2 undefined on input line 
99.

[2]

LaTeX Warning: Citation `kit:rud:ber:dem:10' on page 3 undefined on input line 
111.


LaTeX Warning: Citation `kit:12' on page 3 undefined on input line 111.


LaTeX Warning: Citation `kit:rud:ber:dem:10' on page 3 undefined on input line 
129.


LaTeX Warning: Citation `kit:12' on page 3 undefined on input line 129.

[3]

Package caption Warning: \label without proper reference on input line 150.
See the caption package documentation for explanation.


LaTeX Warning: Reference `tab:tqwprot' on page 4 undefined on input line 136.


LaTeX Warning: Citation `shi:mor:miy:15' on page 4 undefined on input line 158.



LaTeX Warning: Citation `shi:thi:mor:han:may:16' on page 4 undefined on input l
ine 158.


LaTeX Warning: Citation `kit:rud:ber:dem:10' on page 4 undefined on input line 
158.


LaTeX Warning: Citation `asb:12' on page 4 undefined on input line 158.


LaTeX Warning: Citation `asb:obu:13' on page 4 undefined on input line 158.


LaTeX Warning: Citation `kit:exp:12' on page 4 undefined on input line 158.


LaTeX Warning: Citation `bar:exp:16' on page 4 undefined on input line 158.

[4]

LaTeX Warning: Citation `vie:10' on page 5 undefined on input line 173.


LaTeX Warning: Citation `rig:dun:yur:ols:07' on page 5 undefined on input line 
173.


LaTeX Warning: Citation `rig:mur:ols:06' on page 5 undefined on input line 173.



LaTeX Warning: Citation `vid:rig:16' on page 5 undefined on input line 173.

[5] [6] [7] <plot3.pdf, id=43, 361.35pt x 275.0275pt>
File: plot3.pdf Graphic file (type pdf)
 <use plot3.pdf>
Package pdftex.def Info: plot3.pdf used on input line 252.
(pdftex.def)             Requested size: 115.1712pt x 86.37813pt.

<plot4.pdf, id=44, 361.35pt x 275.0275pt>
File: plot4.pdf Graphic file (type pdf)
 <use plot4.pdf>
Package pdftex.def Info: plot4.pdf used on input line 253.
(pdftex.def)             Requested size: 115.1712pt x 86.37813pt.

<plot1.pdf, id=45, 361.35pt x 275.0275pt>
File: plot1.pdf Graphic file (type pdf)
 <use plot1.pdf>
Package pdftex.def Info: plot1.pdf used on input line 254.
(pdftex.def)             Requested size: 115.1712pt x 86.37813pt.

<plot2.pdf, id=46, 349.02797pt x 257.65018pt>
File: plot2.pdf Graphic file (type pdf)
 <use plot2.pdf>
Package pdftex.def Info: plot2.pdf used on input line 255.
(pdftex.def)             Requested size: 115.17426pt x 86.37721pt.

<plot7.pdf, id=47, 354.7934pt x 269.44374pt>
File: plot7.pdf Graphic file (type pdf)
 <use plot7.pdf>
Package pdftex.def Info: plot7.pdf used on input line 260.
(pdftex.def)             Requested size: 115.17114pt x 86.37997pt.

<plot8.pdf, id=48, 354.72073pt x 262.45152pt>
File: plot8.pdf Graphic file (type pdf)
 <use plot8.pdf>
Package pdftex.def Info: plot8.pdf used on input line 261.
(pdftex.def)             Requested size: 115.1692pt x 86.37698pt.

<plot5.pdf, id=49, 354.8157pt x 263.32901pt>
File: plot5.pdf Graphic file (type pdf)
 <use plot5.pdf>
Package pdftex.def Info: plot5.pdf used on input line 262.
(pdftex.def)             Requested size: 115.17296pt x 86.37648pt.

<plot6.pdf, id=50, 354.87451pt x 253.4553pt>
File: plot6.pdf Graphic file (type pdf)
 <use plot6.pdf>
Package pdftex.def Info: plot6.pdf used on input line 263.
(pdftex.def)             Requested size: 115.17581pt x 86.37863pt.

Overfull \hbox (103.84744pt too wide) in paragraph at lines 250--270
 []$ 
 []


Overfull \hbox (103.84744pt too wide) in paragraph at lines 250--270
 []$ 
 []

<a3fidm0.pdf, id=51, 361.35pt x 279.0425pt>
File: a3fidm0.pdf Graphic file (type pdf)
 <use a3fidm0.pdf>
Package pdftex.def Info: a3fidm0.pdf used on input line 276.
(pdftex.def)             Requested size: 115.1712pt x 86.3788pt.

<a3fidm1.pdf, id=52, 361.35pt x 279.0425pt>
File: a3fidm1.pdf Graphic file (type pdf)
 <use a3fidm1.pdf>
Package pdftex.def Info: a3fidm1.pdf used on input line 277.
(pdftex.def)             Requested size: 115.1712pt x 86.3788pt.

<a3fids0.pdf, id=53, 361.35pt x 279.0425pt>
File: a3fids0.pdf Graphic file (type pdf)
 <use a3fids0.pdf>
Package pdftex.def Info: a3fids0.pdf used on input line 278.
(pdftex.def)             Requested size: 115.1712pt x 86.3788pt.

<a3fids1.pdf, id=54, 361.35pt x 269.005pt>
File: a3fids1.pdf Graphic file (type pdf)
 <use a3fids1.pdf>
Package pdftex.def Info: a3fids1.pdf used on input line 279.
(pdftex.def)             Requested size: 115.1712pt x 86.37889pt.

<a3uhlm0.pdf, id=55, 361.35pt x 274.02374pt>
File: a3uhlm0.pdf Graphic file (type pdf)
 <use a3uhlm0.pdf>
Package pdftex.def Info: a3uhlm0.pdf used on input line 284.
(pdftex.def)             Requested size: 115.1712pt x 86.37646pt.

<a3uhlm1.pdf, id=56, 361.35pt x 274.02374pt>
File: a3uhlm1.pdf Graphic file (type pdf)
 <use a3uhlm1.pdf>
Package pdftex.def Info: a3uhlm1.pdf used on input line 285.
(pdftex.def)             Requested size: 115.1712pt x 86.37646pt.

<a3uhls0.pdf, id=57, 361.35pt x 273.02pt>
File: a3uhls0.pdf Graphic file (type pdf)
 <use a3uhls0.pdf>
Package pdftex.def Info: a3uhls0.pdf used on input line 286.
(pdftex.def)             Requested size: 115.1712pt x 86.37668pt.

<a3uhls1.pdf, id=58, 346.81691pt x 243.80666pt>
File: a3uhls1.pdf Graphic file (type pdf)
 <use a3uhls1.pdf>
Package pdftex.def Info: a3uhls1.pdf used on input line 287.
(pdftex.def)             Requested size: 115.17493pt x 86.37524pt.

Overfull \hbox (103.84744pt too wide) in paragraph at lines 274--294
 []$ 
 []


Overfull \hbox (103.84744pt too wide) in paragraph at lines 274--294
 []$ 
 []

[8 <./plot3.pdf> <./plot4.pdf

pdfTeX warning: pdflatex (file ./plot4.pdf): PDF inclusion: multiple pdfs with 
page group included in a single page
> <./plot1.pdf

pdfTeX warning: pdflatex (file ./plot1.pdf): PDF inclusion: multiple pdfs with 
page group included in a single page
> <./plot2.pdf> <./plot7.pdf> <./plot8.pdf> <./plot5.pdf> <./plot6.pdf> <./a3fi
dm0.pdf

pdfTeX warning: pdflatex (file ./a3fidm0.pdf): PDF inclusion: multiple pdfs wit
h page group included in a single page
> <./a3fidm1.pdf

pdfTeX warning: pdflatex (file ./a3fidm1.pdf): PDF inclusion: multiple pdfs wit
h page group included in a single page
> <./a3fids0.pdf

pdfTeX warning: pdflatex (file ./a3fids0.pdf): PDF inclusion: multiple pdfs wit
h page group included in a single page
> <./a3fids1.pdf

pdfTeX warning: pdflatex (file ./a3fids1.pdf): PDF inclusion: multiple pdfs wit
h page group included in a single page
> <./a3uhlm0.pdf

pdfTeX warning: pdflatex (file ./a3uhlm0.pdf): PDF inclusion: multiple pdfs wit
h page group included in a single page
> <./a3uhlm1.pdf

pdfTeX warning: pdflatex (file ./a3uhlm1.pdf): PDF inclusion: multiple pdfs wit
h page group included in a single page
> <./a3uhls0.pdf

pdfTeX warning: pdflatex (file ./a3uhls0.pdf): PDF inclusion: multiple pdfs wit
h page group included in a single page
> <./a3uhls1.pdf>] [9]

LaTeX Warning: Citation `x:g:wen:91' on page 10 undefined on input line 305.


LaTeX Warning: Citation `ryu:hat:02' on page 10 undefined on input line 305.


LaTeX Warning: Citation `kit:rud:ber:dem:10' on page 10 undefined on input line
 305.


LaTeX Warning: Citation `kit:12' on page 10 undefined on input line 305.

<edgestates_BDI.pdf, id=177, 631.38405pt x 334.34914pt>
File: edgestates_BDI.pdf Graphic file (type pdf)

<use edgestates_BDI.pdf>
Package pdftex.def Info: edgestates_BDI.pdf used on input line 312.
(pdftex.def)             Requested size: 252.54913pt x 133.73727pt.


LaTeX Warning: Citation `kit:rud:ber:dem:10' on page 10 undefined on input line
 314.


LaTeX Warning: Citation `kit:rud:ber:dem:10' on page 10 undefined on input line
 314.


LaTeX Warning: `!h' float specifier changed to `!ht'.

<plot9.pdf, id=178, 335.2525pt x 174.6525pt>
File: plot9.pdf Graphic file (type pdf)
 <use plot9.pdf>
Package pdftex.def Info: plot9.pdf used on input line 320.
(pdftex.def)             Requested size: 283.22157pt x 118.00793pt.


LaTeX Warning: Citation `kit:rud:ber:dem:10' on page 10 undefined on input line
 321.


LaTeX Warning: Citation `kit:rud:ber:dem:10' on page 10 undefined on input line
 321.


LaTeX Warning: `!h' float specifier changed to `!ht'.

[10]

LaTeX Warning: Citation `viy:riv:del:14' on page 11 undefined on input line 328
.

[11 <./edgestates_BDI.pdf> <./plot9.pdf>]

LaTeX Warning: Citation `kit:rud:ber:dem:10' on page 12 undefined on input line
 338.


LaTeX Warning: Citation `riv:viy:del:13' on page 12 undefined on input line 338
.


Underfull \hbox (badness 10000) in paragraph at lines 338--339

 []

No file "Chapter TopoQW".bbl.
[12] (./Chapter TopoQW.aux)

LaTeX Warning: There were undefined references.

 ) 
Here is how much of TeX's memory you used:
 4594 strings out of 494910
 66648 string characters out of 6179836
 134125 words of memory out of 5000000
 7789 multiletter control sequences out of 15000+600000
 13406 words of font info for 52 fonts, out of 8000000 for 9000
 36 hyphenation exceptions out of 8191
 42i,11n,39p,1593b,426s stack positions out of 5000i,500n,10000p,200000b,80000s
</usr/share/texlive/texmf-dist/fonts/type1/public/amsfonts/cm/cmbx10.pfb></us
r/share/texlive/texmf-dist/fonts/type1/public/amsfonts/cm/cmbx12.pfb></usr/shar
e/texlive/texmf-dist/fonts/type1/public/amsfonts/cm/cmex10.pfb></usr/share/texl
ive/texmf-dist/fonts/type1/public/amsfonts/cmextra/cmex8.pfb></usr/share/texliv
e/texmf-dist/fonts/type1/public/amsfonts/cm/cmmi10.pfb></usr/share/texlive/texm
f-dist/fonts/type1/public/amsfonts/cm/cmmi6.pfb></usr/share/texlive/texmf-dist/
fonts/type1/public/amsfonts/cm/cmmi7.pfb></usr/share/texlive/texmf-dist/fonts/t
ype1/public/amsfonts/cm/cmmi8.pfb></usr/share/texlive/texmf-dist/fonts/type1/pu
blic/amsfonts/cm/cmr10.pfb></usr/share/texlive/texmf-dist/fonts/type1/public/am
sfonts/cm/cmr12.pfb></usr/share/texlive/texmf-dist/fonts/type1/public/amsfonts/
cm/cmr5.pfb></usr/share/texlive/texmf-dist/fonts/type1/public/amsfonts/cm/cmr6.
pfb></usr/share/texlive/texmf-dist/fonts/type1/public/amsfonts/cm/cmr7.pfb></us
r/share/texlive/texmf-dist/fonts/type1/public/amsfonts/cm/cmr8.pfb></usr/share/
texlive/texmf-dist/fonts/type1/public/amsfonts/cm/cmsy10.pfb></usr/share/texliv
e/texmf-dist/fonts/type1/public/amsfonts/cm/cmsy6.pfb></usr/share/texlive/texmf
-dist/fonts/type1/public/amsfonts/cm/cmsy7.pfb></usr/share/texlive/texmf-dist/f
onts/type1/public/amsfonts/cm/cmsy8.pfb></usr/share/texlive/texmf-dist/fonts/ty
pe1/public/amsfonts/cm/cmti10.pfb>
Output written on "Chapter TopoQW.pdf" (12 pages, 3810320 bytes).
PDF statistics:
 309 PDF objects out of 1000 (max. 8388607)
 213 compressed objects within 3 object streams
 0 named destinations out of 1000 (max. 500000)
 91 words of extra memory for PDF output out of 10000 (max. 10000000)

