This is pdfTeX, Version 3.14159265-2.6-1.40.16 (TeX Live 2015/Debian) (preloaded format=pdflatex 2018.2.18)  23 APR 2018 18:47
entering extended mode
 restricted \write18 enabled.
 %&-line parsing enabled.
**"Chapter Fidelity&Uhlmann.tex"
(./Chapter Fidelity&Uhlmann.tex
LaTeX2e <2016/02/01>
Babel <3.9q> and hyphenation patterns for 5 language(s) loaded.
(/usr/share/texlive/texmf-dist/tex/latex/base/report.cls
Document Class: report 2014/09/29 v1.4h Standard LaTeX document class
(/usr/share/texlive/texmf-dist/tex/latex/base/size11.clo
File: size11.clo 2014/09/29 v1.4h Standard LaTeX file (size option)
)
\c@part=\count79
\c@chapter=\count80
\c@section=\count81
\c@subsection=\count82
\c@subsubsection=\count83
\c@paragraph=\count84
\c@subparagraph=\count85
\c@figure=\count86
\c@table=\count87
\abovecaptionskip=\skip41
\belowcaptionskip=\skip42
\bibindent=\dimen102
)
(/usr/share/texlive/texmf-dist/tex/latex/amsmath/amsmath.sty
Package: amsmath 2016/03/03 v2.15a AMS math features
\@mathmargin=\skip43

For additional information on amsmath, use the `?' option.
(/usr/share/texlive/texmf-dist/tex/latex/amsmath/amstext.sty
Package: amstext 2000/06/29 v2.01 AMS text

(/usr/share/texlive/texmf-dist/tex/latex/amsmath/amsgen.sty
File: amsgen.sty 1999/11/30 v2.0 generic functions
\@emptytoks=\toks14
\ex@=\dimen103
))
(/usr/share/texlive/texmf-dist/tex/latex/amsmath/amsbsy.sty
Package: amsbsy 1999/11/29 v1.2d Bold Symbols
\pmbraise@=\dimen104
)
(/usr/share/texlive/texmf-dist/tex/latex/amsmath/amsopn.sty
Package: amsopn 1999/12/14 v2.01 operator names
)
\inf@bad=\count88
LaTeX Info: Redefining \frac on input line 199.
\uproot@=\count89
\leftroot@=\count90
LaTeX Info: Redefining \overline on input line 297.
\classnum@=\count91
\DOTSCASE@=\count92
LaTeX Info: Redefining \ldots on input line 394.
LaTeX Info: Redefining \dots on input line 397.
LaTeX Info: Redefining \cdots on input line 518.
\Mathstrutbox@=\box26
\strutbox@=\box27
\big@size=\dimen105
LaTeX Font Info:    Redeclaring font encoding OML on input line 630.
LaTeX Font Info:    Redeclaring font encoding OMS on input line 631.
\macc@depth=\count93
\c@MaxMatrixCols=\count94
\dotsspace@=\muskip10
\c@parentequation=\count95
\dspbrk@lvl=\count96
\tag@help=\toks15
\row@=\count97
\column@=\count98
\maxfields@=\count99
\andhelp@=\toks16
\eqnshift@=\dimen106
\alignsep@=\dimen107
\tagshift@=\dimen108
\tagwidth@=\dimen109
\totwidth@=\dimen110
\lineht@=\dimen111
\@envbody=\toks17
\multlinegap=\skip44
\multlinetaggap=\skip45
\mathdisplay@stack=\toks18
LaTeX Info: Redefining \[ on input line 2735.
LaTeX Info: Redefining \] on input line 2736.
)
(/usr/share/texlive/texmf-dist/tex/latex/amscls/amsthm.sty
Package: amsthm 2015/03/04 v2.20.2
\thm@style=\toks19
\thm@bodyfont=\toks20
\thm@headfont=\toks21
\thm@notefont=\toks22
\thm@headpunct=\toks23
\thm@preskip=\skip46
\thm@postskip=\skip47
\thm@headsep=\skip48
\dth@everypar=\toks24
)
(/usr/share/texlive/texmf-dist/tex/latex/amsfonts/amssymb.sty
Package: amssymb 2013/01/14 v3.01 AMS font symbols

(/usr/share/texlive/texmf-dist/tex/latex/amsfonts/amsfonts.sty
Package: amsfonts 2013/01/14 v3.01 Basic AMSFonts support
\symAMSa=\mathgroup4
\symAMSb=\mathgroup5
LaTeX Font Info:    Overwriting math alphabet `\mathfrak' in version `bold'
(Font)                  U/euf/m/n --> U/euf/b/n on input line 106.
))
(/usr/share/texlive/texmf-dist/tex/latex/float/float.sty
Package: float 2001/11/08 v1.3d Float enhancements (AL)
\c@float@type=\count100
\float@exts=\toks25
\float@box=\box28
\@float@everytoks=\toks26
\@floatcapt=\box29
)
(/usr/share/texlive/texmf-dist/tex/latex/graphics/graphicx.sty
Package: graphicx 2014/10/28 v1.0g Enhanced LaTeX Graphics (DPC,SPQR)

(/usr/share/texlive/texmf-dist/tex/latex/graphics/keyval.sty
Package: keyval 2014/10/28 v1.15 key=value parser (DPC)
\KV@toks@=\toks27
)
(/usr/share/texlive/texmf-dist/tex/latex/graphics/graphics.sty
Package: graphics 2016/01/03 v1.0q Standard LaTeX Graphics (DPC,SPQR)

(/usr/share/texlive/texmf-dist/tex/latex/graphics/trig.sty
Package: trig 2016/01/03 v1.10 sin cos tan (DPC)
)
(/usr/share/texlive/texmf-dist/tex/latex/latexconfig/graphics.cfg
File: graphics.cfg 2010/04/23 v1.9 graphics configuration of TeX Live
)
Package graphics Info: Driver file: pdftex.def on input line 95.

(/usr/share/texlive/texmf-dist/tex/latex/pdftex-def/pdftex.def
File: pdftex.def 2011/05/27 v0.06d Graphics/color for pdfTeX

(/usr/share/texlive/texmf-dist/tex/generic/oberdiek/infwarerr.sty
Package: infwarerr 2010/04/08 v1.3 Providing info/warning/error messages (HO)
)
(/usr/share/texlive/texmf-dist/tex/generic/oberdiek/ltxcmds.sty
Package: ltxcmds 2011/11/09 v1.22 LaTeX kernel commands for general use (HO)
)
\Gread@gobject=\count101
))
\Gin@req@height=\dimen112
\Gin@req@width=\dimen113
)
(/usr/share/texlive/texmf-dist/tex/latex/caption/caption.sty
Package: caption 2016/02/21 v3.3-144 Customizing captions (AR)

(/usr/share/texlive/texmf-dist/tex/latex/caption/caption3.sty
Package: caption3 2016/02/04 v1.7-139 caption3 kernel (AR)
Package caption3 Info: TeX engine: e-TeX on input line 67.
\captionmargin=\dimen114
\captionmargin@=\dimen115
\captionwidth=\dimen116
\caption@tempdima=\dimen117
\caption@indent=\dimen118
\caption@parindent=\dimen119
\caption@hangindent=\dimen120
)
\c@ContinuedFloat=\count102
Package caption Info: float package is loaded.
)
(/usr/share/texlive/texmf-dist/tex/latex/caption/subcaption.sty
Package: subcaption 2016/02/20 v1.1-142 Sub-captions (AR)
\c@subfigure=\count103
\c@subtable=\count104
)
(/usr/share/texlive/texmf-dist/tex/latex/cite/cite.sty
LaTeX Info: Redefining \cite on input line 302.
LaTeX Info: Redefining \nocite on input line 332.
Package: cite 2015/02/27  v 5.5
)
(/usr/share/texlive/texmf-dist/tex/latex/braket/braket.sty)
(/usr/share/texlive/texmf-dist/tex/latex/url/url.sty
\Urlmuskip=\muskip11
Package: url 2013/09/16  ver 3.4  Verb mode for urls, etc.
)
(/usr/share/texlive/texmf-dist/tex/latex/graphics/color.sty
Package: color 2016/01/03 v1.1b Standard LaTeX Color (DPC)

(/usr/share/texlive/texmf-dist/tex/latex/latexconfig/color.cfg
File: color.cfg 2007/01/18 v1.5 color configuration of teTeX/TeXLive
)
Package color Info: Driver file: pdftex.def on input line 143.
)
(/usr/share/texlive/texmf-dist/tex/latex/geometry/geometry.sty
Package: geometry 2010/09/12 v5.6 Page Geometry

(/usr/share/texlive/texmf-dist/tex/generic/oberdiek/ifpdf.sty
Package: ifpdf 2011/01/30 v2.3 Provides the ifpdf switch (HO)
Package ifpdf Info: pdfTeX in PDF mode is detected.
)
(/usr/share/texlive/texmf-dist/tex/generic/oberdiek/ifvtex.sty
Package: ifvtex 2010/03/01 v1.5 Detect VTeX and its facilities (HO)
Package ifvtex Info: VTeX not detected.
)
(/usr/share/texlive/texmf-dist/tex/generic/ifxetex/ifxetex.sty
Package: ifxetex 2010/09/12 v0.6 Provides ifxetex conditional
)
\Gm@cnth=\count105
\Gm@cntv=\count106
\c@Gm@tempcnt=\count107
\Gm@bindingoffset=\dimen121
\Gm@wd@mp=\dimen122
\Gm@odd@mp=\dimen123
\Gm@even@mp=\dimen124
\Gm@layoutwidth=\dimen125
\Gm@layoutheight=\dimen126
\Gm@layouthoffset=\dimen127
\Gm@layoutvoffset=\dimen128
\Gm@dimlist=\toks28
)
\c@lemma=\count108
\c@theorem=\count109
\c@proposition=\count110
\c@definition=\count111

(./Chapter Fidelity&Uhlmann.aux)
\openout1 = `"Chapter Fidelity&Uhlmann.aux"'.

LaTeX Font Info:    Checking defaults for OML/cmm/m/it on input line 39.
LaTeX Font Info:    ... okay on input line 39.
LaTeX Font Info:    Checking defaults for T1/cmr/m/n on input line 39.
LaTeX Font Info:    ... okay on input line 39.
LaTeX Font Info:    Checking defaults for OT1/cmr/m/n on input line 39.
LaTeX Font Info:    ... okay on input line 39.
LaTeX Font Info:    Checking defaults for OMS/cmsy/m/n on input line 39.
LaTeX Font Info:    ... okay on input line 39.
LaTeX Font Info:    Checking defaults for OMX/cmex/m/n on input line 39.
LaTeX Font Info:    ... okay on input line 39.
LaTeX Font Info:    Checking defaults for U/cmr/m/n on input line 39.
LaTeX Font Info:    ... okay on input line 39.

(/usr/share/texlive/texmf-dist/tex/context/base/supp-pdf.mkii
[Loading MPS to PDF converter (version 2006.09.02).]
\scratchcounter=\count112
\scratchdimen=\dimen129
\scratchbox=\box30
\nofMPsegments=\count113
\nofMParguments=\count114
\everyMPshowfont=\toks29
\MPscratchCnt=\count115
\MPscratchDim=\dimen130
\MPnumerator=\count116
\makeMPintoPDFobject=\count117
\everyMPtoPDFconversion=\toks30
) (/usr/share/texlive/texmf-dist/tex/generic/oberdiek/pdftexcmds.sty
Package: pdftexcmds 2011/11/29 v0.20 Utility functions of pdfTeX for LuaTeX (HO
)

(/usr/share/texlive/texmf-dist/tex/generic/oberdiek/ifluatex.sty
Package: ifluatex 2010/03/01 v1.3 Provides the ifluatex switch (HO)
Package ifluatex Info: LuaTeX not detected.
)
Package pdftexcmds Info: LuaTeX not detected.
Package pdftexcmds Info: \pdf@primitive is available.
Package pdftexcmds Info: \pdf@ifprimitive is available.
Package pdftexcmds Info: \pdfdraftmode found.
)
(/usr/share/texlive/texmf-dist/tex/latex/oberdiek/epstopdf-base.sty
Package: epstopdf-base 2010/02/09 v2.5 Base part for package epstopdf

(/usr/share/texlive/texmf-dist/tex/latex/oberdiek/grfext.sty
Package: grfext 2010/08/19 v1.1 Manage graphics extensions (HO)

(/usr/share/texlive/texmf-dist/tex/generic/oberdiek/kvdefinekeys.sty
Package: kvdefinekeys 2011/04/07 v1.3 Define keys (HO)
))
(/usr/share/texlive/texmf-dist/tex/latex/oberdiek/kvoptions.sty
Package: kvoptions 2011/06/30 v3.11 Key value format for package options (HO)

(/usr/share/texlive/texmf-dist/tex/generic/oberdiek/kvsetkeys.sty
Package: kvsetkeys 2012/04/25 v1.16 Key value parser (HO)

(/usr/share/texlive/texmf-dist/tex/generic/oberdiek/etexcmds.sty
Package: etexcmds 2011/02/16 v1.5 Avoid name clashes with e-TeX commands (HO)
Package etexcmds Info: Could not find \expanded.
(etexcmds)             That can mean that you are not using pdfTeX 1.50 or
(etexcmds)             that some package has redefined \expanded.
(etexcmds)             In the latter case, load this package earlier.
)))
Package grfext Info: Graphics extension search list:
(grfext)             [.png,.pdf,.jpg,.mps,.jpeg,.jbig2,.jb2,.PNG,.PDF,.JPG,.JPE
G,.JBIG2,.JB2,.eps]
(grfext)             \AppendGraphicsExtensions on input line 452.

(/usr/share/texlive/texmf-dist/tex/latex/latexconfig/epstopdf-sys.cfg
File: epstopdf-sys.cfg 2010/07/13 v1.3 Configuration of (r)epstopdf for TeX Liv
e
))
Package caption Info: Begin \AtBeginDocument code.
Package caption Info: End \AtBeginDocument code.

*geometry* driver: auto-detecting
*geometry* detected driver: pdftex
*geometry* verbose mode - [ preamble ] result:
* driver: pdftex
* paper: <default>
* layout: <same size as paper>
* layoutoffset:(h,v)=(0.0pt,0.0pt)
* modes: 
* h-part:(L,W,R)=(71.13188pt, 472.03123pt, 71.13188pt)
* v-part:(T,H,B)=(71.13188pt, 652.70622pt, 71.13188pt)
* \paperwidth=614.295pt
* \paperheight=794.96999pt
* \textwidth=472.03123pt
* \textheight=652.70622pt
* \oddsidemargin=-1.1381pt
* \evensidemargin=-1.1381pt
* \topmargin=-38.1381pt
* \headheight=12.0pt
* \headsep=25.0pt
* \topskip=11.0pt
* \footskip=30.0pt
* \marginparwidth=59.0pt
* \marginparsep=10.0pt
* \columnsep=10.0pt
* \skip\footins=10.0pt plus 4.0pt minus 2.0pt
* \hoffset=0.0pt
* \voffset=0.0pt
* \mag=1000
* \@twocolumnfalse
* \@twosidefalse
* \@mparswitchfalse
* \@reversemarginfalse
* (1in=72.27pt=25.4mm, 1cm=28.453pt)

Chapter 1.

LaTeX Warning: Citation `mer:vla:pau:vie:17' on page 1 undefined on input line 
50.

[1


{/var/lib/texmf/fonts/map/pdftex/updmap/pdftex.map}]
LaTeX Font Info:    Try loading font information for U+msa on input line 58.

(/usr/share/texlive/texmf-dist/tex/latex/amsfonts/umsa.fd
File: umsa.fd 2013/01/14 v3.01 AMS symbols A
)
LaTeX Font Info:    Try loading font information for U+msb on input line 58.

(/usr/share/texlive/texmf-dist/tex/latex/amsfonts/umsb.fd
File: umsb.fd 2013/01/14 v3.01 AMS symbols B
)

LaTeX Warning: Citation `su:sch:hee:79' on page 2 undefined on input line 60.


LaTeX Warning: Citation `cre:99' on page 2 undefined on input line 60.


LaTeX Warning: Citation `ber:pat:ami:del:09' on page 2 undefined on input line 
60.


LaTeX Warning: Citation `kit:cha:01' on page 2 undefined on input line 60.


LaTeX Warning: Citation `su:sch:hee:79' on page 2 undefined on input line 81.

[2] <SSH_fidelity_theta.pdf, id=20, 361.35pt x 283.0575pt>
File: SSH_fidelity_theta.pdf Graphic file (type pdf)

<use SSH_fidelity_theta.pdf>
Package pdftex.def Info: SSH_fidelity_theta.pdf used on input line 89.
(pdftex.def)             Requested size: 109.03992pt x 77.88208pt.

<SSH_fidelity_T.pdf, id=21, 361.35pt x 283.0575pt>
File: SSH_fidelity_T.pdf Graphic file (type pdf)
 <use SSH_fidelity_T.pdf>
Package pdftex.def Info: SSH_fidelity_T.pdf used on input line 92.
(pdftex.def)             Requested size: 109.03992pt x 77.88208pt.

<SSH_uhlmann_theta.pdf, id=22, 377.74065pt x 281.65979pt>
File: SSH_uhlmann_theta.pdf Graphic file (type pdf)

<use SSH_uhlmann_theta.pdf>
Package pdftex.def Info: SSH_uhlmann_theta.pdf used on input line 95.
(pdftex.def)             Requested size: 109.04051pt x 77.8843pt.


LaTeX Warning: Citation `cre:99' on page 3 undefined on input line 100.


LaTeX Warning: Citation `ber:pat:ami:del:09' on page 3 undefined on input line 
100.

<CL_fidelity_theta.pdf, id=23, 361.35pt x 283.0575pt>
File: CL_fidelity_theta.pdf Graphic file (type pdf)

<use CL_fidelity_theta.pdf>
Package pdftex.def Info: CL_fidelity_theta.pdf used on input line 113.
(pdftex.def)             Requested size: 124.61626pt x 93.46107pt.
 <CL_fidelity_T.pdf, id=24, 361.35pt x 283.0575pt>
File: CL_fidelity_T.pdf Graphic file (type pdf)

<use CL_fidelity_T.pdf>
Package pdftex.def Info: CL_fidelity_T.pdf used on input line 116.
(pdftex.def)             Requested size: 124.61626pt x 93.46107pt.
 <CL_uhlmann_theta.pdf, id=25, 361.35pt x 281.05pt>
File: CL_uhlmann_theta.pdf Graphic file (type pdf)

<use CL_uhlmann_theta.pdf>
Package pdftex.def Info: CL_uhlmann_theta.pdf used on input line 119.
(pdftex.def)             Requested size: 124.61626pt x 93.46295pt.


LaTeX Warning: `!h' float specifier changed to `!ht'.


LaTeX Warning: Citation `kit:cha:01' on page 3 undefined on input line 125.

[3 <./SSH_fidelity_theta.pdf> <./SSH_fidelity_T.pdf

pdfTeX warning: pdflatex (file ./SSH_fidelity_T.pdf): PDF inclusion: multiple p
dfs with page group included in a single page
> <./SSH_uhlmann_theta.pdf>]
<kitaev_fidelity_theta.pdf, id=57, 361.35pt x 283.0575pt>
File: kitaev_fidelity_theta.pdf Graphic file (type pdf)

<use kitaev_fidelity_theta.pdf>
Package pdftex.def Info: kitaev_fidelity_theta.pdf used on input line 134.
(pdftex.def)             Requested size: 109.03992pt x 77.88208pt.

<kitaev_fidelity_T.pdf, id=58, 361.35pt x 283.0575pt>
File: kitaev_fidelity_T.pdf Graphic file (type pdf)

<use kitaev_fidelity_T.pdf>
Package pdftex.def Info: kitaev_fidelity_T.pdf used on input line 137.
(pdftex.def)             Requested size: 109.03992pt x 77.88208pt.

<kitaev_uhlmann_theta.pdf, id=59, 361.35pt x 281.05pt>
File: kitaev_uhlmann_theta.pdf Graphic file (type pdf)

<use kitaev_uhlmann_theta.pdf>
Package pdftex.def Info: kitaev_uhlmann_theta.pdf used on input line 140.
(pdftex.def)             Requested size: 109.03992pt x 77.88293pt.
 [4 <./CL_fidelity_theta.pdf> <./CL_fidelity_T.pdf

pdfTeX warning: pdflatex (file ./CL_fidelity_T.pdf): PDF inclusion: multiple pd
fs with page group included in a single page
> <./CL_uhlmann_theta.pdf

pdfTeX warning: pdflatex (file ./CL_uhlmann_theta.pdf): PDF inclusion: multiple
 pdfs with page group included in a single page
> <./kitaev_fidelity_theta.pdf

pdfTeX warning: pdflatex (file ./kitaev_fidelity_theta.pdf): PDF inclusion: mul
tiple pdfs with page group included in a single page
> <./kitaev_fidelity_T.pdf

pdfTeX warning: pdflatex (file ./kitaev_fidelity_T.pdf): PDF inclusion: multipl
e pdfs with page group included in a single page
> <./kitaev_uhlmann_theta.pdf

pdfTeX warning: pdflatex (file ./kitaev_uhlmann_theta.pdf): PDF inclusion: mult
iple pdfs with page group included in a single page
>]

LaTeX Warning: Citation `x:g:wen:91' on page 5 undefined on input line 150.


LaTeX Warning: Citation `ryu:hat:02' on page 5 undefined on input line 150.

<fermisea_topological.pdf, id=82, 361.35pt x 231.86626pt>
File: fermisea_topological.pdf Graphic file (type pdf)

<use fermisea_topological.pdf>
Package pdftex.def Info: fermisea_topological.pdf used on input line 161.
(pdftex.def)             Requested size: 180.67456pt x 115.93283pt.

<fermisea_trivial.pdf, id=83, 361.35pt x 231.86626pt>
File: fermisea_trivial.pdf Graphic file (type pdf)

<use fermisea_trivial.pdf>
Package pdftex.def Info: fermisea_trivial.pdf used on input line 165.
(pdftex.def)             Requested size: 180.67456pt x 115.93283pt.


LaTeX Warning: `!h' float specifier changed to `!ht'.

<occupation_T_100.pdf, id=84, 361.35pt x 233.87375pt>
File: occupation_T_100.pdf Graphic file (type pdf)

<use occupation_T_100.pdf>
Package pdftex.def Info: occupation_T_100.pdf used on input line 178.
(pdftex.def)             Requested size: 198.74312pt x 128.63094pt.

<occupation_zero_T.pdf, id=85, 361.35pt x 239.89626pt>
File: occupation_zero_T.pdf Graphic file (type pdf)

<use occupation_zero_T.pdf>
Package pdftex.def Info: occupation_zero_T.pdf used on input line 179.
(pdftex.def)             Requested size: 198.74312pt x 131.94334pt.

<occupation_finite_T_trivial.pdf, id=86, 361.35pt x 227.85126pt>
File: occupation_finite_T_trivial.pdf Graphic file (type pdf)

<use occupation_finite_T_trivial.pdf>
Package pdftex.def Info: occupation_finite_T_trivial.pdf used on input line 183
.
(pdftex.def)             Requested size: 198.74312pt x 125.31857pt.

<occupation_zero_T_trivial.pdf, id=87, 361.35pt x 240.9pt>
File: occupation_zero_T_trivial.pdf Graphic file (type pdf)

<use occupation_zero_T_trivial.pdf>
Package pdftex.def Info: occupation_zero_T_trivial.pdf used on input line 184.
(pdftex.def)             Requested size: 198.74312pt x 132.49539pt.


LaTeX Warning: `!h' float specifier changed to `!ht'.


LaTeX Warning: Citation `viy:riv:del:12' on page 5 undefined on input line 189.


[5] [6 <./fermisea_topological.pdf> <./fermisea_trivial.pdf

pdfTeX warning: pdflatex (file ./fermisea_trivial.pdf): PDF inclusion: multiple
 pdfs with page group included in a single page
> <./occupation_T_100.pdf

pdfTeX warning: pdflatex (file ./occupation_T_100.pdf): PDF inclusion: multiple
 pdfs with page group included in a single page
> <./occupation_zero_T.pdf

pdfTeX warning: pdflatex (file ./occupation_zero_T.pdf): PDF inclusion: multipl
e pdfs with page group included in a single page
> <./occupation_finite_T_trivial.pdf

pdfTeX warning: pdflatex (file ./occupation_finite_T_trivial.pdf): PDF inclusio
n: multiple pdfs with page group included in a single page
> <./occupation_zero_T_trivial.pdf

pdfTeX warning: pdflatex (file ./occupation_zero_T_trivial.pdf): PDF inclusion:
 multiple pdfs with page group included in a single page
>] <majorana_paper_plot.pdf, id=138, 300.12125pt x 315.1775pt>
File: majorana_paper_plot.pdf Graphic file (type pdf)

<use majorana_paper_plot.pdf>
Package pdftex.def Info: majorana_paper_plot.pdf used on input line 200.
(pdftex.def)             Requested size: 180.07413pt x 189.10796pt.


LaTeX Warning: Citation `qua:zur:10' on page 7 undefined on input line 206.

[7 <./majorana_paper_plot.pdf>]

LaTeX Warning: Citation `ali:12' on page 8 undefined on input line 208.


LaTeX Warning: Citation `ipp:riz:gio:maz:16' on page 8 undefined on input line 
208.


LaTeX Warning: Citation `majorana:17' on page 8 undefined on input line 208.


LaTeX Warning: Citation `majorana:twist:17' on page 8 undefined on input line 2
08.


LaTeX Warning: Citation `rod:mat:pau:sou:17' on page 8 undefined on input line 
208.


LaTeX Warning: Citation `pir:ott:spe:wee:bra:llo:geh:jac:and:15' on page 8 unde
fined on input line 208.


LaTeX Warning: Citation `ber:chr:col:ren:ren:10' on page 8 undefined on input l
ine 208.


LaTeX Warning: Citation `lou:alm:and:pin:mat:pau:14' on page 8 undefined on inp
ut line 208.


LaTeX Warning: Citation `lou:ars:pau:pop:prv:16' on page 8 undefined on input l
ine 208.


LaTeX Warning: Citation `bar:coo:sch:57' on page 8 undefined on input line 215.



LaTeX Warning: Citation `pau:vie:08' on page 8 undefined on input line 220.

<BCS_fidelity_theta.pdf, id=151, 380.77095pt x 261.73746pt>
File: BCS_fidelity_theta.pdf Graphic file (type pdf)

<use BCS_fidelity_theta.pdf>
Package pdftex.def Info: BCS_fidelity_theta.pdf used on input line 224.
(pdftex.def)             Requested size: 90.63158pt x 67.97424pt.

<BCS_fidelity_T.pdf, id=152, 382.89087pt x 262.69824pt>
File: BCS_fidelity_T.pdf Graphic file (type pdf)

<use BCS_fidelity_T.pdf>
Package pdftex.def Info: BCS_fidelity_T.pdf used on input line 227.
(pdftex.def)             Requested size: 90.63371pt x 67.97523pt.

<BCS_delta_theta.pdf, id=153, 372.3503pt x 263.41331pt>
File: BCS_delta_theta.pdf Graphic file (type pdf)

<use BCS_delta_theta.pdf>
Package pdftex.def Info: BCS_delta_theta.pdf used on input line 230.
(pdftex.def)             Requested size: 90.63289pt x 67.97537pt.
 <BCS_delta_T.pdf, id=154, 390.77824pt x 267.27594pt>
File: BCS_delta_T.pdf Graphic file (type pdf)

<use BCS_delta_T.pdf>
Package pdftex.def Info: BCS_delta_T.pdf used on input line 233.
(pdftex.def)             Requested size: 90.6284pt x 67.97298pt.
 [8]

LaTeX Warning: Citation `zan:ven:gio:07' on page 9 undefined on input line 241.


[9 <./BCS_fidelity_theta.pdf> <./BCS_fidelity_T.pdf> <./BCS_delta_theta.pdf> <.
/BCS_delta_T.pdf>]

LaTeX Warning: Citation `viy:riv:del:14' on page 10 undefined on input line 261
.


LaTeX Warning: Citation `ber:84' on page 10 undefined on input line 266.


LaTeX Warning: Citation `viy:riv:del:14' on page 10 undefined on input line 266
.

[10]
Underfull \hbox (badness 10000) in paragraph at lines 270--273

 []


LaTeX Warning: Citation `and:mat:uem:75' on page 11 undefined on input line 274
.

[11]
No file "Chapter Fidelity&Uhlmann".bbl.
[12] (./Chapter Fidelity&Uhlmann.aux)

LaTeX Warning: There were undefined references.

 ) 
Here is how much of TeX's memory you used:
 4523 strings out of 494910
 66758 string characters out of 6179836
 131060 words of memory out of 5000000
 7728 multiletter control sequences out of 15000+600000
 13366 words of font info for 51 fonts, out of 8000000 for 9000
 36 hyphenation exceptions out of 8191
 38i,12n,39p,1764b,310s stack positions out of 5000i,500n,10000p,200000b,80000s
</usr/share/texlive/texmf-dist/fonts/type1/public/amsfonts/cm/cmbx10.pfb></us
r/share/texlive/texmf-dist/fonts/type1/public/amsfonts/cm/cmbx12.pfb></usr/shar
e/texlive/texmf-dist/fonts/type1/public/amsfonts/cm/cmex10.pfb></usr/share/texl
ive/texmf-dist/fonts/type1/public/amsfonts/cm/cmmi10.pfb></usr/share/texlive/te
xmf-dist/fonts/type1/public/amsfonts/cm/cmmi6.pfb></usr/share/texlive/texmf-dis
t/fonts/type1/public/amsfonts/cm/cmmi8.pfb></usr/share/texlive/texmf-dist/fonts
/type1/public/amsfonts/cm/cmr10.pfb></usr/share/texlive/texmf-dist/fonts/type1/
public/amsfonts/cm/cmr12.pfb></usr/share/texlive/texmf-dist/fonts/type1/public/
amsfonts/cm/cmr8.pfb></usr/share/texlive/texmf-dist/fonts/type1/public/amsfonts
/cm/cmsy10.pfb></usr/share/texlive/texmf-dist/fonts/type1/public/amsfonts/cm/cm
sy6.pfb></usr/share/texlive/texmf-dist/fonts/type1/public/amsfonts/cm/cmsy8.pfb
></usr/share/texlive/texmf-dist/fonts/type1/public/amsfonts/cm/cmti10.pfb></usr
/share/texlive/texmf-dist/fonts/type1/public/amsfonts/symbols/msbm10.pfb>
Output written on "Chapter Fidelity&Uhlmann.pdf" (12 pages, 3303970 bytes).
PDF statistics:
 287 PDF objects out of 1000 (max. 8388607)
 192 compressed objects within 2 object streams
 0 named destinations out of 1000 (max. 500000)
 101 words of extra memory for PDF output out of 10000 (max. 10000000)

