This is pdfTeX, Version 3.14159265-2.6-1.40.16 (TeX Live 2015/Debian) (preloaded format=pdflatex 2018.2.18)  16 APR 2018 11:56
entering extended mode
 restricted \write18 enabled.
 %&-line parsing enabled.
**"Chapter Introduction .tex"
(./Chapter Introduction .tex
LaTeX2e <2016/02/01>
Babel <3.9q> and hyphenation patterns for 5 language(s) loaded.
(/usr/share/texlive/texmf-dist/tex/latex/base/report.cls
Document Class: report 2014/09/29 v1.4h Standard LaTeX document class
(/usr/share/texlive/texmf-dist/tex/latex/base/size11.clo
File: size11.clo 2014/09/29 v1.4h Standard LaTeX file (size option)
)
\c@part=\count79
\c@chapter=\count80
\c@section=\count81
\c@subsection=\count82
\c@subsubsection=\count83
\c@paragraph=\count84
\c@subparagraph=\count85
\c@figure=\count86
\c@table=\count87
\abovecaptionskip=\skip41
\belowcaptionskip=\skip42
\bibindent=\dimen102
)
(/usr/share/texlive/texmf-dist/tex/latex/amsmath/amsmath.sty
Package: amsmath 2016/03/03 v2.15a AMS math features
\@mathmargin=\skip43

For additional information on amsmath, use the `?' option.
(/usr/share/texlive/texmf-dist/tex/latex/amsmath/amstext.sty
Package: amstext 2000/06/29 v2.01 AMS text

(/usr/share/texlive/texmf-dist/tex/latex/amsmath/amsgen.sty
File: amsgen.sty 1999/11/30 v2.0 generic functions
\@emptytoks=\toks14
\ex@=\dimen103
))
(/usr/share/texlive/texmf-dist/tex/latex/amsmath/amsbsy.sty
Package: amsbsy 1999/11/29 v1.2d Bold Symbols
\pmbraise@=\dimen104
)
(/usr/share/texlive/texmf-dist/tex/latex/amsmath/amsopn.sty
Package: amsopn 1999/12/14 v2.01 operator names
)
\inf@bad=\count88
LaTeX Info: Redefining \frac on input line 199.
\uproot@=\count89
\leftroot@=\count90
LaTeX Info: Redefining \overline on input line 297.
\classnum@=\count91
\DOTSCASE@=\count92
LaTeX Info: Redefining \ldots on input line 394.
LaTeX Info: Redefining \dots on input line 397.
LaTeX Info: Redefining \cdots on input line 518.
\Mathstrutbox@=\box26
\strutbox@=\box27
\big@size=\dimen105
LaTeX Font Info:    Redeclaring font encoding OML on input line 630.
LaTeX Font Info:    Redeclaring font encoding OMS on input line 631.
\macc@depth=\count93
\c@MaxMatrixCols=\count94
\dotsspace@=\muskip10
\c@parentequation=\count95
\dspbrk@lvl=\count96
\tag@help=\toks15
\row@=\count97
\column@=\count98
\maxfields@=\count99
\andhelp@=\toks16
\eqnshift@=\dimen106
\alignsep@=\dimen107
\tagshift@=\dimen108
\tagwidth@=\dimen109
\totwidth@=\dimen110
\lineht@=\dimen111
\@envbody=\toks17
\multlinegap=\skip44
\multlinetaggap=\skip45
\mathdisplay@stack=\toks18
LaTeX Info: Redefining \[ on input line 2735.
LaTeX Info: Redefining \] on input line 2736.
)
(/usr/share/texlive/texmf-dist/tex/latex/amscls/amsthm.sty
Package: amsthm 2015/03/04 v2.20.2
\thm@style=\toks19
\thm@bodyfont=\toks20
\thm@headfont=\toks21
\thm@notefont=\toks22
\thm@headpunct=\toks23
\thm@preskip=\skip46
\thm@postskip=\skip47
\thm@headsep=\skip48
\dth@everypar=\toks24
)
(/usr/share/texlive/texmf-dist/tex/latex/amsfonts/amssymb.sty
Package: amssymb 2013/01/14 v3.01 AMS font symbols

(/usr/share/texlive/texmf-dist/tex/latex/amsfonts/amsfonts.sty
Package: amsfonts 2013/01/14 v3.01 Basic AMSFonts support
\symAMSa=\mathgroup4
\symAMSb=\mathgroup5
LaTeX Font Info:    Overwriting math alphabet `\mathfrak' in version `bold'
(Font)                  U/euf/m/n --> U/euf/b/n on input line 106.
))
(/usr/share/texlive/texmf-dist/tex/latex/float/float.sty
Package: float 2001/11/08 v1.3d Float enhancements (AL)
\c@float@type=\count100
\float@exts=\toks25
\float@box=\box28
\@float@everytoks=\toks26
\@floatcapt=\box29
)
(/usr/share/texlive/texmf-dist/tex/latex/graphics/graphicx.sty
Package: graphicx 2014/10/28 v1.0g Enhanced LaTeX Graphics (DPC,SPQR)

(/usr/share/texlive/texmf-dist/tex/latex/graphics/keyval.sty
Package: keyval 2014/10/28 v1.15 key=value parser (DPC)
\KV@toks@=\toks27
)
(/usr/share/texlive/texmf-dist/tex/latex/graphics/graphics.sty
Package: graphics 2016/01/03 v1.0q Standard LaTeX Graphics (DPC,SPQR)

(/usr/share/texlive/texmf-dist/tex/latex/graphics/trig.sty
Package: trig 2016/01/03 v1.10 sin cos tan (DPC)
)
(/usr/share/texlive/texmf-dist/tex/latex/latexconfig/graphics.cfg
File: graphics.cfg 2010/04/23 v1.9 graphics configuration of TeX Live
)
Package graphics Info: Driver file: pdftex.def on input line 95.

(/usr/share/texlive/texmf-dist/tex/latex/pdftex-def/pdftex.def
File: pdftex.def 2011/05/27 v0.06d Graphics/color for pdfTeX

(/usr/share/texlive/texmf-dist/tex/generic/oberdiek/infwarerr.sty
Package: infwarerr 2010/04/08 v1.3 Providing info/warning/error messages (HO)
)
(/usr/share/texlive/texmf-dist/tex/generic/oberdiek/ltxcmds.sty
Package: ltxcmds 2011/11/09 v1.22 LaTeX kernel commands for general use (HO)
)
\Gread@gobject=\count101
))
\Gin@req@height=\dimen112
\Gin@req@width=\dimen113
)
(/usr/share/texlive/texmf-dist/tex/latex/caption/caption.sty
Package: caption 2016/02/21 v3.3-144 Customizing captions (AR)

(/usr/share/texlive/texmf-dist/tex/latex/caption/caption3.sty
Package: caption3 2016/02/04 v1.7-139 caption3 kernel (AR)
Package caption3 Info: TeX engine: e-TeX on input line 67.
\captionmargin=\dimen114
\captionmargin@=\dimen115
\captionwidth=\dimen116
\caption@tempdima=\dimen117
\caption@indent=\dimen118
\caption@parindent=\dimen119
\caption@hangindent=\dimen120
)
\c@ContinuedFloat=\count102
Package caption Info: float package is loaded.
)
(/usr/share/texlive/texmf-dist/tex/latex/caption/subcaption.sty
Package: subcaption 2016/02/20 v1.1-142 Sub-captions (AR)
\c@subfigure=\count103
\c@subtable=\count104
)
(/usr/share/texlive/texmf-dist/tex/latex/cite/cite.sty
LaTeX Info: Redefining \cite on input line 302.
LaTeX Info: Redefining \nocite on input line 332.
Package: cite 2015/02/27  v 5.5
)
(/usr/share/texlive/texmf-dist/tex/latex/braket/braket.sty)
(/usr/share/texlive/texmf-dist/tex/latex/url/url.sty
\Urlmuskip=\muskip11
Package: url 2013/09/16  ver 3.4  Verb mode for urls, etc.
)
(/usr/share/texlive/texmf-dist/tex/latex/graphics/color.sty
Package: color 2016/01/03 v1.1b Standard LaTeX Color (DPC)

(/usr/share/texlive/texmf-dist/tex/latex/latexconfig/color.cfg
File: color.cfg 2007/01/18 v1.5 color configuration of teTeX/TeXLive
)
Package color Info: Driver file: pdftex.def on input line 143.
)
(/usr/share/texlive/texmf-dist/tex/latex/tools/verbatim.sty
Package: verbatim 2014/10/28 v1.5q LaTeX2e package for verbatim enhancements
\every@verbatim=\toks28
\verbatim@line=\toks29
\verbatim@in@stream=\read1
)
(/usr/share/texlive/texmf-dist/tex/latex/graphics/epsfig.sty
Package: epsfig 1999/02/16 v1.7a (e)psfig emulation (SPQR)
\epsfxsize=\dimen121
\epsfysize=\dimen122
)
(/usr/share/texlive/texmf-dist/tex/latex/oberdiek/epstopdf.sty
Package: epstopdf 2010/02/09 v2.5 Conversion with epstopdf on the fly (HO)

(/usr/share/texlive/texmf-dist/tex/latex/oberdiek/epstopdf-base.sty
Package: epstopdf-base 2010/02/09 v2.5 Base part for package epstopdf

(/usr/share/texlive/texmf-dist/tex/latex/oberdiek/grfext.sty
Package: grfext 2010/08/19 v1.1 Manage graphics extensions (HO)

(/usr/share/texlive/texmf-dist/tex/generic/oberdiek/kvdefinekeys.sty
Package: kvdefinekeys 2011/04/07 v1.3 Define keys (HO)
))
(/usr/share/texlive/texmf-dist/tex/latex/oberdiek/kvoptions.sty
Package: kvoptions 2011/06/30 v3.11 Key value format for package options (HO)

(/usr/share/texlive/texmf-dist/tex/generic/oberdiek/kvsetkeys.sty
Package: kvsetkeys 2012/04/25 v1.16 Key value parser (HO)

(/usr/share/texlive/texmf-dist/tex/generic/oberdiek/etexcmds.sty
Package: etexcmds 2011/02/16 v1.5 Avoid name clashes with e-TeX commands (HO)

(/usr/share/texlive/texmf-dist/tex/generic/oberdiek/ifluatex.sty
Package: ifluatex 2010/03/01 v1.3 Provides the ifluatex switch (HO)
Package ifluatex Info: LuaTeX not detected.
)
Package etexcmds Info: Could not find \expanded.
(etexcmds)             That can mean that you are not using pdfTeX 1.50 or
(etexcmds)             that some package has redefined \expanded.
(etexcmds)             In the latter case, load this package earlier.
)))
(/usr/share/texlive/texmf-dist/tex/generic/oberdiek/pdftexcmds.sty
Package: pdftexcmds 2011/11/29 v0.20 Utility functions of pdfTeX for LuaTeX (HO
)

(/usr/share/texlive/texmf-dist/tex/generic/oberdiek/ifpdf.sty
Package: ifpdf 2011/01/30 v2.3 Provides the ifpdf switch (HO)
Package ifpdf Info: pdfTeX in PDF mode is detected.
)
Package pdftexcmds Info: LuaTeX not detected.
Package pdftexcmds Info: \pdf@primitive is available.
Package pdftexcmds Info: \pdf@ifprimitive is available.
Package pdftexcmds Info: \pdfdraftmode found.
)
Package grfext Info: Graphics extension search list:
(grfext)             [.png,.pdf,.jpg,.mps,.jpeg,.jbig2,.jb2,.PNG,.PDF,.JPG,.JPE
G,.JBIG2,.JB2,.eps]
(grfext)             \AppendGraphicsExtensions on input line 452.

(/usr/share/texlive/texmf-dist/tex/latex/latexconfig/epstopdf-sys.cfg
File: epstopdf-sys.cfg 2010/07/13 v1.3 Configuration of (r)epstopdf for TeX Liv
e
)))
(/usr/share/texlive/texmf-dist/tex/latex/geometry/geometry.sty
Package: geometry 2010/09/12 v5.6 Page Geometry

(/usr/share/texlive/texmf-dist/tex/generic/oberdiek/ifvtex.sty
Package: ifvtex 2010/03/01 v1.5 Detect VTeX and its facilities (HO)
Package ifvtex Info: VTeX not detected.
)
(/usr/share/texlive/texmf-dist/tex/generic/ifxetex/ifxetex.sty
Package: ifxetex 2010/09/12 v0.6 Provides ifxetex conditional
)
\Gm@cnth=\count105
\Gm@cntv=\count106
\c@Gm@tempcnt=\count107
\Gm@bindingoffset=\dimen123
\Gm@wd@mp=\dimen124
\Gm@odd@mp=\dimen125
\Gm@even@mp=\dimen126
\Gm@layoutwidth=\dimen127
\Gm@layoutheight=\dimen128
\Gm@layouthoffset=\dimen129
\Gm@layoutvoffset=\dimen130
\Gm@dimlist=\toks30
)
\c@lemma=\count108
\c@theorem=\count109
\c@proposition=\count110
\c@definition=\count111
\c@protocol=\count112

(./Chapter Introduction .aux)
\openout1 = `"Chapter Introduction .aux"'.

LaTeX Font Info:    Checking defaults for OML/cmm/m/it on input line 53.
LaTeX Font Info:    ... okay on input line 53.
LaTeX Font Info:    Checking defaults for T1/cmr/m/n on input line 53.
LaTeX Font Info:    ... okay on input line 53.
LaTeX Font Info:    Checking defaults for OT1/cmr/m/n on input line 53.
LaTeX Font Info:    ... okay on input line 53.
LaTeX Font Info:    Checking defaults for OMS/cmsy/m/n on input line 53.
LaTeX Font Info:    ... okay on input line 53.
LaTeX Font Info:    Checking defaults for OMX/cmex/m/n on input line 53.
LaTeX Font Info:    ... okay on input line 53.
LaTeX Font Info:    Checking defaults for U/cmr/m/n on input line 53.
LaTeX Font Info:    ... okay on input line 53.

(/usr/share/texlive/texmf-dist/tex/context/base/supp-pdf.mkii
[Loading MPS to PDF converter (version 2006.09.02).]
\scratchcounter=\count113
\scratchdimen=\dimen131
\scratchbox=\box30
\nofMPsegments=\count114
\nofMParguments=\count115
\everyMPshowfont=\toks31
\MPscratchCnt=\count116
\MPscratchDim=\dimen132
\MPnumerator=\count117
\makeMPintoPDFobject=\count118
\everyMPtoPDFconversion=\toks32
)
Package caption Info: Begin \AtBeginDocument code.
Package caption Info: End \AtBeginDocument code.

*geometry* driver: auto-detecting
*geometry* detected driver: pdftex
*geometry* verbose mode - [ preamble ] result:
* driver: pdftex
* paper: <default>
* layout: <same size as paper>
* layoutoffset:(h,v)=(0.0pt,0.0pt)
* modes: 
* h-part:(L,W,R)=(71.13188pt, 472.03123pt, 71.13188pt)
* v-part:(T,H,B)=(71.13188pt, 652.70622pt, 71.13188pt)
* \paperwidth=614.295pt
* \paperheight=794.96999pt
* \textwidth=472.03123pt
* \textheight=652.70622pt
* \oddsidemargin=-1.1381pt
* \evensidemargin=-1.1381pt
* \topmargin=-38.1381pt
* \headheight=12.0pt
* \headsep=25.0pt
* \topskip=11.0pt
* \footskip=30.0pt
* \marginparwidth=59.0pt
* \marginparsep=10.0pt
* \columnsep=10.0pt
* \skip\footins=10.0pt plus 4.0pt minus 2.0pt
* \hoffset=0.0pt
* \voffset=0.0pt
* \mag=1000
* \@twocolumnfalse
* \@twosidefalse
* \@mparswitchfalse
* \@reversemarginfalse
* (1in=72.27pt=25.4mm, 1cm=28.453pt)

Chapter 1.

LaTeX Warning: Citation `riv:sha:adl:78' on page 1 undefined on input line 58.


LaTeX Warning: Citation `gol:gol:hal:97' on page 1 undefined on input line 58.

LaTeX Font Info:    Try loading font information for U+msa on input line 58.
(/usr/share/texlive/texmf-dist/tex/latex/amsfonts/umsa.fd
File: umsa.fd 2013/01/14 v3.01 AMS symbols A
)
LaTeX Font Info:    Try loading font information for U+msb on input line 58.

(/usr/share/texlive/texmf-dist/tex/latex/amsfonts/umsb.fd
File: umsb.fd 2013/01/14 v3.01 AMS symbols B
)

LaTeX Warning: Citation `fort:13' on page 1 undefined on input line 58.


LaTeX Warning: Citation `sho:97' on page 1 undefined on input line 60.


LaTeX Warning: Citation `wie:83' on page 1 undefined on input line 61.


LaTeX Warning: Citation `ben:bra:84' on page 1 undefined on input line 61.


LaTeX Warning: Citation `may:01' on page 1 undefined on input line 61.


LaTeX Warning: Citation `urs:etal:07' on page 1 undefined on input line 61.


LaTeX Warning: Citation `sch:07' on page 1 undefined on input line 61.


LaTeX Warning: Citation `tak:sas:tam:koa:15' on page 1 undefined on input line 
61.


LaTeX Warning: Citation `pug:kai:bou:jin:sul:agn:ani:mak:cho:hig:jen:17' on pag
e 1 undefined on input line 61.


LaTeX Warning: Citation `idquantique' on page 1 undefined on input line 61.


LaTeX Warning: Citation `yin:etal:17' on page 1 undefined on input line 61.


LaTeX Warning: Citation `vie:bei:qkd:sat:18' on page 1 undefined on input line 
61.


LaTeX Warning: Citation `aha:dav:zag:93' on page 1 undefined on input line 65.


LaTeX Warning: Citation `far:gut:98' on page 1 undefined on input line 66.


LaTeX Warning: Citation `chi:etal:03' on page 1 undefined on input line 66.


LaTeX Warning: Citation `kem:03' on page 1 undefined on input line 66.


LaTeX Warning: Citation `amb:03' on page 1 undefined on input line 66.


LaTeX Warning: Citation `san:08' on page 1 undefined on input line 66.


LaTeX Warning: Citation `cha:nov:amb:oma:16' on page 1 undefined on input line 
66.


LaTeX Warning: Citation `nov:cha:moh:nev:oma:16' on page 1 undefined on input l
ine 66.


LaTeX Warning: Citation `por:13' on page 1 undefined on input line 66.


LaTeX Warning: Citation `chi:09' on page 1 undefined on input line 66.


LaTeX Warning: Citation `lov:coo:eve:tre:ken:10' on page 1 undefined on input l
ine 66.


LaTeX Warning: Citation `chi:gos:web:13' on page 1 undefined on input line 66.


LaTeX Warning: Citation `roh:fit:gil:15' on page 1 undefined on input line 67.


LaTeX Warning: Citation `yan:pan:sun:xu:15' on page 1 undefined on input line 6
7.


Underfull \hbox (badness 10000) in paragraph at lines 58--69

 []

[1


{/var/lib/texmf/fonts/map/pdftex/updmap/pdftex.map}] [2]

LaTeX Warning: Citation `warshaw:mem:17' on page 3 undefined on input line 70.


LaTeX Warning: Citation `vienna:mem:18' on page 3 undefined on input line 70.


LaTeX Warning: Citation `ber:chr:col:ren:ren:10' on page 3 undefined on input l
ine 71.


LaTeX Warning: Citation `dam:feh:ren:sal:sch:07' on page 3 undefined on input l
ine 71.


LaTeX Warning: Citation `weh:sch:ter:08' on page 3 undefined on input line 71.


LaTeX Warning: Citation `sch:ter:weh:09' on page 3 undefined on input line 71.


LaTeX Warning: Citation `ng:jos:che:kur:weh:12' on page 3 undefined on input li
ne 71.


LaTeX Warning: Citation `koe:weh:wul:12' on page 3 undefined on input line 71.


LaTeX Warning: Citation `bou:feh:gon:sch:13' on page 3 undefined on input line 
71.


LaTeX Warning: Citation `lou:alm:and:pin:mat:pau:14' on page 3 undefined on inp
ut line 71.


LaTeX Warning: Citation `has:kan:10' on page 3 undefined on input line 74.


LaTeX Warning: Citation `qi:zha:11' on page 3 undefined on input line 74.


LaTeX Warning: Citation `ber:hug:13' on page 3 undefined on input line 74.


LaTeX Warning: Citation `bra:has:mic:10' on page 3 undefined on input line 74.


LaTeX Warning: Citation `kit:03' on page 3 undefined on input line 74.


LaTeX Warning: Citation `bro:los:pac:sel:woo:16' on page 3 undefined on input l
ine 75.


LaTeX Warning: Citation `bro:los:pac:sel:woo:16' on page 3 undefined on input l
ine 75.


LaTeX Warning: Citation `kit:03' on page 3 undefined on input line 75.

[3]
LaTeX Font Info:    Try loading font information for OMS+cmr on input line 84.
 (/usr/share/texlive/texmf-dist/tex/latex/base/omscmr.fd
File: omscmr.fd 2014/09/29 v2.5h Standard LaTeX font definitions
)
LaTeX Font Info:    Font shape `OMS/cmr/m/n' in size <10.95> not available
(Font)              Font shape `OMS/cmsy/m/n' tried instead on input line 84.
 [4]

LaTeX Warning: Citation `fort:13' on page 5 undefined on input line 100.


LaTeX Warning: Citation `sho:97' on page 5 undefined on input line 100.


LaTeX Warning: Citation `oka:tan:uch:00' on page 5 undefined on input line 100.



LaTeX Warning: Citation `kaw:etal:05' on page 5 undefined on input line 100.


LaTeX Warning: Citation `nik:08' on page 5 undefined on input line 100.


LaTeX Warning: Citation `sey:nik:alb:12' on page 5 undefined on input line 100.


[5]

LaTeX Warning: Citation `ben:bra:84' on page 6 undefined on input line 106.


LaTeX Warning: Citation `eke:91' on page 6 undefined on input line 106.


LaTeX Warning: Citation `may:01' on page 6 undefined on input line 106.


LaTeX Warning: Citation `ren:05' on page 6 undefined on input line 106.


LaTeX Warning: Citation `sca:ren:08' on page 6 undefined on input line 106.


LaTeX Warning: Citation `tom:lev:17' on page 6 undefined on input line 106.


LaTeX Warning: Citation `ben:bra:84' on page 6 undefined on input line 107.


LaTeX Warning: Citation `eke:91' on page 6 undefined on input line 107.


LaTeX Warning: Citation `woo:zur:82' on page 6 undefined on input line 107.


LaTeX Warning: Citation `cof:kun:woo:00' on page 6 undefined on input line 107.



LaTeX Warning: Citation `bel:64' on page 6 undefined on input line 107.


LaTeX Warning: Citation `chsh:ineq:69' on page 6 undefined on input line 107.


LaTeX Warning: Citation `ben:bra:mer:92' on page 6 undefined on input line 107.



LaTeX Warning: Citation `aci:mas:gis:03' on page 6 undefined on input line 107.



LaTeX Warning: Citation `cur:lew:lut:04' on page 6 undefined on input line 107.



LaTeX Warning: Citation `cur:guh:lew:lut:05' on page 6 undefined on input line 
107.


LaTeX Warning: Citation `aci:gis:mas:06' on page 6 undefined on input line 107.



LaTeX Warning: Citation `maa:uff:88' on page 6 undefined on input line 111.


LaTeX Warning: Citation `ren:boi:09' on page 6 undefined on input line 111.


LaTeX Warning: Citation `ber:chr:col:ren:ren:10' on page 6 undefined on input l
ine 111.


LaTeX Warning: Citation `weh:win:10' on page 6 undefined on input line 111.


LaTeX Warning: Citation `tom:ren:11' on page 6 undefined on input line 111.


LaTeX Warning: Citation `ng:ber:weh:12' on page 6 undefined on input line 111.


LaTeX Warning: Citation `col:ber:tom:weh:17' on page 6 undefined on input line 
111.


LaTeX Warning: Citation `dev:win:05' on page 6 undefined on input line 111.


LaTeX Warning: Citation `tom:lim:gis:ren:12' on page 6 undefined on input line 
111.


LaTeX Warning: Citation `pir:aci:bru:gis:mas:sca:09' on page 6 undefined on inp
ut line 112.


LaTeX Warning: Citation `mas:pir:aci:11' on page 6 undefined on input line 112.



LaTeX Warning: Citation `vaz:vid:14' on page 6 undefined on input line 112.


LaTeX Warning: Citation `agu:ram:kof:paw:16' on page 6 undefined on input line 
112.


LaTeX Warning: Citation `cla:hor:shi:holt:69' on page 6 undefined on input line
 112.


LaTeX Warning: Citation `col:gis:lin:mas:pop:02' on page 6 undefined on input l
ine 112.


LaTeX Warning: Citation `sal:aug:rem:tur:wit:aci:pir:17' on page 6 undefined on
 input line 112.


LaTeX Warning: Citation `wis:jon:doh:07' on page 6 undefined on input line 112.



LaTeX Warning: Citation `jon:wis:doh:07' on page 6 undefined on input line 112.



LaTeX Warning: Citation `he:dru:rei:11' on page 6 undefined on input line 112.


LaTeX Warning: Citation `skr:cav:15' on page 6 undefined on input line 112.


LaTeX Warning: Citation `skr:cav:17' on page 6 undefined on input line 112.


LaTeX Warning: Citation `cav:he:rei:wis:11' on page 6 undefined on input line 1
12.


LaTeX Warning: Citation `he:rei:13' on page 6 undefined on input line 112.


LaTeX Warning: Citation `rei:dru:bow:cav:lam:bac:and:leu:09' on page 6 undefine
d on input line 112.


LaTeX Warning: Citation `bra:cav:wal:sca:wis:12' on page 6 undefined on input l
ine 112.


LaTeX Warning: Citation `woo:pir:15' on page 6 undefined on input line 112.

[6]

LaTeX Warning: Citation `beaudry:15' on page 7 undefined on input line 114.


LaTeX Warning: Citation `pir:aci:mas:gir:boy:mat:mau:olm:hay:luo:man:mon:10' on
 page 7 undefined on input line 114.


LaTeX Warning: Citation `aci:mas:pir:12' on page 7 undefined on input line 114.



LaTeX Warning: Citation `mat:skr:bra:cav:aci:15' on page 7 undefined on input l
ine 114.


LaTeX Warning: Citation `aci:pir:ver:wit:16' on page 7 undefined on input line 
114.


LaTeX Warning: Citation `aci:mas:16' on page 7 undefined on input line 114.


LaTeX Warning: Citation `and:bad:dum:cab:18' on page 7 undefined on input line 
114.


Underfull \hbox (badness 10000) in paragraph at lines 114--115

 []

[7]

LaTeX Warning: Citation `bec:tit:00' on page 8 undefined on input line 117.


LaTeX Warning: Citation `cer:bou:kar:gis:02' on page 8 undefined on input line 
117.


LaTeX Warning: Citation `bru:chr:eke:eng:ber:kas:mac:03' on page 8 undefined on
 input line 117.


LaTeX Warning: Citation `nik:alb:05' on page 8 undefined on input line 117.


LaTeX Warning: Citation `she:sca:10' on page 8 undefined on input line 117.


LaTeX Warning: Citation `cha:15' on page 8 undefined on input line 117.

[8]

LaTeX Warning: Citation `hal:88' on page 9 undefined on input line 165.


LaTeX Warning: Citation `wen:90' on page 9 undefined on input line 165.


LaTeX Warning: Citation `kos:tho:72' on page 9 undefined on input line 165.


LaTeX Warning: Citation `kos:tho:73' on page 9 undefined on input line 165.


LaTeX Warning: Citation `hal:83' on page 9 undefined on input line 165.


LaTeX Warning: Citation `and:07' on page 9 undefined on input line 165.


LaTeX Warning: Citation `tknn:82' on page 9 undefined on input line 165.


LaTeX Warning: Citation `ber:84' on page 9 undefined on input line 165.


LaTeX Warning: Citation `zen:che:zho:wen:15' on page 9 undefined on input line 
165.


LaTeX Warning: Citation `ando:13' on page 9 undefined on input line 165.


LaTeX Warning: Citation `kit:09' on page 9 undefined on input line 166.


LaTeX Warning: Citation `sch:ryu:fur:lud:08' on page 9 undefined on input line 
166.


LaTeX Warning: Citation `sac:07' on page 9 undefined on input line 167.


LaTeX Warning: Citation `lan:37' on page 9 undefined on input line 167.


LaTeX Warning: Citation `x:g:wen:91' on page 9 undefined on input line 170.


LaTeX Warning: Citation `ryu:hat:02' on page 9 undefined on input line 170.

[9]

LaTeX Warning: Citation `vid:lat:ric:kit:03' on page 10 undefined on input line
 173.


LaTeX Warning: Citation `ham:ion:zan:05' on page 10 undefined on input line 173
.


LaTeX Warning: Citation `ham:zha:haa:lid:08' on page 10 undefined on input line
 173.


LaTeX Warning: Citation `hal:ham:12' on page 10 undefined on input line 173.


LaTeX Warning: Citation `aba:ham:zan:08' on page 10 undefined on input line 173
.


LaTeX Warning: Citation `zan:pau:06' on page 10 undefined on input line 173.


LaTeX Warning: Citation `zan:ven:gio:07' on page 10 undefined on input line 173
.


LaTeX Warning: Citation `zha:zho:09' on page 10 undefined on input line 173.


LaTeX Warning: Citation `oli:sac:14' on page 10 undefined on input line 173.


LaTeX Warning: Citation `pau:sac:nog:vie:dug' on page 10 undefined on input lin
e 173.


LaTeX Warning: Citation `gu:kwo:nin:wen:lin:08' on page 10 undefined on input l
ine 173.


LaTeX Warning: Citation `maz:ham:12' on page 10 undefined on input line 173.


LaTeX Warning: Citation `zan:gio:coz:07' on page 10 undefined on input line 173
.


Underfull \hbox (badness 10000) in paragraph at lines 173--174

 []


LaTeX Warning: Citation `viy:riv:del:12' on page 10 undefined on input line 176
.


LaTeX Warning: Citation `riv:viy:del:13' on page 10 undefined on input line 176
.


LaTeX Warning: Citation `bar:bar:krau:rico:ima:zol:die:13' on page 10 undefined
 on input line 176.


LaTeX Warning: Citation `nie:hub:14' on page 10 undefined on input line 176.


LaTeX Warning: Citation `bar:waw:alt:flei:die:17' on page 10 undefined on input
 line 176.


LaTeX Warning: Citation `grus:17' on page 10 undefined on input line 176.


LaTeX Warning: Citation `uhl:89' on page 10 undefined on input line 176.


LaTeX Warning: Citation `sjo:15' on page 10 undefined on input line 176.


LaTeX Warning: Citation `car:pac:05' on page 10 undefined on input line 176.


LaTeX Warning: Citation `reu:har:ple:07' on page 10 undefined on input line 176
.


LaTeX Warning: Citation `uhl:89' on page 10 undefined on input line 176.


LaTeX Warning: Citation `hub:93' on page 10 undefined on input line 176.


LaTeX Warning: Citation `viy:riv:del:14' on page 10 undefined on input line 176
.


LaTeX Warning: Citation `viy:riv:del:2d:14' on page 10 undefined on input line 
176.


LaTeX Warning: Citation `zho:aro:14' on page 10 undefined on input line 176.


LaTeX Warning: Citation `pau:vie:08' on page 10 undefined on input line 176.


LaTeX Warning: Citation `viy:riv:mar:15' on page 10 undefined on input line 176
.


LaTeX Warning: Citation `tid:sjo:03' on page 10 undefined on input line 176.


LaTeX Warning: Citation `abe:kul:sjo:oi:07' on page 10 undefined on input line 
176.


LaTeX Warning: Citation `uhl:pha:exp:11' on page 10 undefined on input line 176
.


LaTeX Warning: Citation `viy:riv:gas:wal:fil:del:18' on page 10 undefined on in
put line 176.


LaTeX Warning: Citation `sjo:15' on page 10 undefined on input line 176.


LaTeX Warning: Citation `kem:que:smi:16' on page 10 undefined on input line 176
.


LaTeX Warning: Citation `bud:die:15' on page 10 undefined on input line 176.


LaTeX Warning: Citation `zan:ven:gio:07' on page 10 undefined on input line 176
.


LaTeX Warning: Citation `pau:vie:08' on page 10 undefined on input line 176.


LaTeX Warning: Citation `pau:vie:08' on page 10 undefined on input line 180.


Underfull \hbox (badness 10000) in paragraph at lines 180--181

 []

[10]

LaTeX Warning: Citation `fuchs:96' on page 11 undefined on input line 195.


Underfull \hbox (badness 10000) in paragraph at lines 202--205

 []

[11]
Underfull \hbox (badness 10000) in paragraph at lines 212--213

 []


LaTeX Warning: Citation `ben:zyc:06' on page 12 undefined on input line 225.

[12]
Underfull \hbox (badness 10000) in paragraph at lines 254--257

 []


LaTeX Warning: Citation `zan:pau:06' on page 13 undefined on input line 258.


LaTeX Warning: Citation `pau:vie:08' on page 13 undefined on input line 258.


LaTeX Warning: Citation `pau:vie:08' on page 13 undefined on input line 259.

[13]

LaTeX Warning: Citation `hey:pol:keh:13' on page 14 undefined on input line 269
.


LaTeX Warning: Citation `kar:sch:13' on page 14 undefined on input line 269.


LaTeX Warning: Citation `and:sir:14' on page 14 undefined on input line 269.


LaTeX Warning: Citation `vaj:dor:14' on page 14 undefined on input line 269.


LaTeX Warning: Citation `hey:15' on page 14 undefined on input line 269.


LaTeX Warning: Citation `kar:sch:17' on page 14 undefined on input line 269.


LaTeX Warning: Citation `hal:zau:17' on page 14 undefined on input line 269.


LaTeX Warning: Citation `zau:hal:17' on page 14 undefined on input line 269.


LaTeX Warning: Citation `hom:abe:zau:hal:17' on page 14 undefined on input line
 269.


LaTeX Warning: Citation `vaj:dor:15' on page 14 undefined on input line 269.


LaTeX Warning: Citation `sch:keh:15' on page 14 undefined on input line 269.


LaTeX Warning: Citation `bud:hey:16' on page 14 undefined on input line 269.


LaTeX Warning: Citation `hua:bal:16' on page 14 undefined on input line 269.


LaTeX Warning: Citation `jaf:joh:17' on page 14 undefined on input line 269.


LaTeX Warning: Citation `sed:flei:sir:17' on page 14 undefined on input line 26
9.


LaTeX Warning: Citation `jur:etal:17' on page 14 undefined on input line 269.


LaTeX Warning: Citation `fla:etal:18' on page 14 undefined on input line 269.


LaTeX Warning: Citation `qua:son:liu:zan:sun:06' on page 14 undefined on input 
line 269.


LaTeX Warning: Citation `zan:pau:06' on page 14 undefined on input line 269.


LaTeX Warning: Citation `zan:qua:wan:sun:07' on page 14 undefined on input line
 269.


LaTeX Warning: Citation `pol:muk:gre:moo:10' on page 14 undefined on input line
 269.


LaTeX Warning: Citation `jac:ven:zan:11' on page 14 undefined on input line 269
.


LaTeX Warning: Citation `ven:zan:10' on page 14 undefined on input line 269.


LaTeX Warning: Citation `ven:tac:san:san:11' on page 14 undefined on input line
 269.


LaTeX Warning: Citation `jac:ven:zan:11' on page 14 undefined on input line 269
.


LaTeX Warning: Citation `hey:bud:17' on page 14 undefined on input line 269.


LaTeX Warning: Citation `bah:ban:dut:17' on page 14 undefined on input line 269
.


LaTeX Warning: Citation `lan:fra:hal:17' on page 14 undefined on input line 270
.


LaTeX Warning: Citation `hal:zau:mcc:veg:sch:kas:17' on page 14 undefined on in
put line 270.


LaTeX Warning: Citation `zan:pau:06' on page 14 undefined on input line 271.


LaTeX Warning: Citation `pau:sac:nog:vie:dug' on page 14 undefined on input lin
e 271.


LaTeX Warning: Citation `zan:ven:gio:07' on page 14 undefined on input line 271
.


LaTeX Warning: Citation `aba:ham:zan:08' on page 14 undefined on input line 271
.


LaTeX Warning: Citation `zha:zho:09' on page 14 undefined on input line 271.


LaTeX Warning: Citation `sjo:pat:eke:ana:eri:oi:ved:00' on page 14 undefined on
 input line 271.


LaTeX Warning: Citation `bah:ban:dut:17' on page 14 undefined on input line 271
.

[14]
Underfull \hbox (badness 10000) in paragraph at lines 283--285

 []

[15]

LaTeX Warning: Citation `ali:12' on page 16 undefined on input line 286.


LaTeX Warning: Citation `ipp:riz:gio:maz:16' on page 16 undefined on input line
 286.


LaTeX Warning: Citation `majorana:17' on page 16 undefined on input line 286.


LaTeX Warning: Citation `majorana:twist:17' on page 16 undefined on input line 
286.


LaTeX Warning: Citation `kit:rud:ber:dem:10' on page 16 undefined on input line
 287.


LaTeX Warning: Citation `kit:12' on page 16 undefined on input line 287.

No file "Chapter Introduction ".bbl.
[16] (./Chapter Introduction .aux)

LaTeX Warning: There were undefined references.

 ) 
Here is how much of TeX's memory you used:
 4664 strings out of 494910
 67917 string characters out of 6179836
 135920 words of memory out of 5000000
 7871 multiletter control sequences out of 15000+600000
 13563 words of font info for 51 fonts, out of 8000000 for 9000
 36 hyphenation exceptions out of 8191
 42i,10n,38p,3422b,189s stack positions out of 5000i,500n,10000p,200000b,80000s
</usr/share/texlive/texmf-dist/fonts/type1/public/amsfonts/cm/cmbx10.pfb></us
r/share/texlive/texmf-dist/fonts/type1/public/amsfonts/cm/cmbx12.pfb></usr/shar
e/texlive/texmf-dist/fonts/type1/public/amsfonts/cm/cmbx9.pfb></usr/share/texli
ve/texmf-dist/fonts/type1/public/amsfonts/cm/cmex10.pfb></usr/share/texlive/tex
mf-dist/fonts/type1/public/amsfonts/cm/cmmi10.pfb></usr/share/texlive/texmf-dis
t/fonts/type1/public/amsfonts/cm/cmmi8.pfb></usr/share/texlive/texmf-dist/fonts
/type1/public/amsfonts/cm/cmr10.pfb></usr/share/texlive/texmf-dist/fonts/type1/
public/amsfonts/cm/cmr6.pfb></usr/share/texlive/texmf-dist/fonts/type1/public/a
msfonts/cm/cmr8.pfb></usr/share/texlive/texmf-dist/fonts/type1/public/amsfonts/
cm/cmr9.pfb></usr/share/texlive/texmf-dist/fonts/type1/public/amsfonts/cm/cmsy1
0.pfb></usr/share/texlive/texmf-dist/fonts/type1/public/amsfonts/cm/cmsy8.pfb><
/usr/share/texlive/texmf-dist/fonts/type1/public/amsfonts/cm/cmti10.pfb></usr/s
hare/texlive/texmf-dist/fonts/type1/public/amsfonts/symbols/msbm10.pfb>
Output written on "Chapter Introduction .pdf" (16 pages, 217662 bytes).
PDF statistics:
 112 PDF objects out of 1000 (max. 8388607)
 79 compressed objects within 1 object stream
 0 named destinations out of 1000 (max. 500000)
 1 words of extra memory for PDF output out of 10000 (max. 10000000)

