This is pdfTeX, Version 3.14159265-2.6-1.40.16 (TeX Live 2015/Debian) (preloaded format=pdflatex 2018.2.18)  23 APR 2018 18:12
entering extended mode
 restricted \write18 enabled.
 %&-line parsing enabled.
**"Chapter DynamicalPTs.tex"
(./Chapter DynamicalPTs.tex
LaTeX2e <2016/02/01>
Babel <3.9q> and hyphenation patterns for 5 language(s) loaded.
(/usr/share/texlive/texmf-dist/tex/latex/base/report.cls
Document Class: report 2014/09/29 v1.4h Standard LaTeX document class
(/usr/share/texlive/texmf-dist/tex/latex/base/size11.clo
File: size11.clo 2014/09/29 v1.4h Standard LaTeX file (size option)
)
\c@part=\count79
\c@chapter=\count80
\c@section=\count81
\c@subsection=\count82
\c@subsubsection=\count83
\c@paragraph=\count84
\c@subparagraph=\count85
\c@figure=\count86
\c@table=\count87
\abovecaptionskip=\skip41
\belowcaptionskip=\skip42
\bibindent=\dimen102
)
(/usr/share/texlive/texmf-dist/tex/latex/amsmath/amsmath.sty
Package: amsmath 2016/03/03 v2.15a AMS math features
\@mathmargin=\skip43

For additional information on amsmath, use the `?' option.
(/usr/share/texlive/texmf-dist/tex/latex/amsmath/amstext.sty
Package: amstext 2000/06/29 v2.01 AMS text

(/usr/share/texlive/texmf-dist/tex/latex/amsmath/amsgen.sty
File: amsgen.sty 1999/11/30 v2.0 generic functions
\@emptytoks=\toks14
\ex@=\dimen103
))
(/usr/share/texlive/texmf-dist/tex/latex/amsmath/amsbsy.sty
Package: amsbsy 1999/11/29 v1.2d Bold Symbols
\pmbraise@=\dimen104
)
(/usr/share/texlive/texmf-dist/tex/latex/amsmath/amsopn.sty
Package: amsopn 1999/12/14 v2.01 operator names
)
\inf@bad=\count88
LaTeX Info: Redefining \frac on input line 199.
\uproot@=\count89
\leftroot@=\count90
LaTeX Info: Redefining \overline on input line 297.
\classnum@=\count91
\DOTSCASE@=\count92
LaTeX Info: Redefining \ldots on input line 394.
LaTeX Info: Redefining \dots on input line 397.
LaTeX Info: Redefining \cdots on input line 518.
\Mathstrutbox@=\box26
\strutbox@=\box27
\big@size=\dimen105
LaTeX Font Info:    Redeclaring font encoding OML on input line 630.
LaTeX Font Info:    Redeclaring font encoding OMS on input line 631.
\macc@depth=\count93
\c@MaxMatrixCols=\count94
\dotsspace@=\muskip10
\c@parentequation=\count95
\dspbrk@lvl=\count96
\tag@help=\toks15
\row@=\count97
\column@=\count98
\maxfields@=\count99
\andhelp@=\toks16
\eqnshift@=\dimen106
\alignsep@=\dimen107
\tagshift@=\dimen108
\tagwidth@=\dimen109
\totwidth@=\dimen110
\lineht@=\dimen111
\@envbody=\toks17
\multlinegap=\skip44
\multlinetaggap=\skip45
\mathdisplay@stack=\toks18
LaTeX Info: Redefining \[ on input line 2735.
LaTeX Info: Redefining \] on input line 2736.
)
(/usr/share/texlive/texmf-dist/tex/latex/amscls/amsthm.sty
Package: amsthm 2015/03/04 v2.20.2
\thm@style=\toks19
\thm@bodyfont=\toks20
\thm@headfont=\toks21
\thm@notefont=\toks22
\thm@headpunct=\toks23
\thm@preskip=\skip46
\thm@postskip=\skip47
\thm@headsep=\skip48
\dth@everypar=\toks24
)
(/usr/share/texlive/texmf-dist/tex/latex/amsfonts/amssymb.sty
Package: amssymb 2013/01/14 v3.01 AMS font symbols

(/usr/share/texlive/texmf-dist/tex/latex/amsfonts/amsfonts.sty
Package: amsfonts 2013/01/14 v3.01 Basic AMSFonts support
\symAMSa=\mathgroup4
\symAMSb=\mathgroup5
LaTeX Font Info:    Overwriting math alphabet `\mathfrak' in version `bold'
(Font)                  U/euf/m/n --> U/euf/b/n on input line 106.
))
(/usr/share/texlive/texmf-dist/tex/latex/float/float.sty
Package: float 2001/11/08 v1.3d Float enhancements (AL)
\c@float@type=\count100
\float@exts=\toks25
\float@box=\box28
\@float@everytoks=\toks26
\@floatcapt=\box29
)
(/usr/share/texlive/texmf-dist/tex/latex/graphics/graphicx.sty
Package: graphicx 2014/10/28 v1.0g Enhanced LaTeX Graphics (DPC,SPQR)

(/usr/share/texlive/texmf-dist/tex/latex/graphics/keyval.sty
Package: keyval 2014/10/28 v1.15 key=value parser (DPC)
\KV@toks@=\toks27
)
(/usr/share/texlive/texmf-dist/tex/latex/graphics/graphics.sty
Package: graphics 2016/01/03 v1.0q Standard LaTeX Graphics (DPC,SPQR)

(/usr/share/texlive/texmf-dist/tex/latex/graphics/trig.sty
Package: trig 2016/01/03 v1.10 sin cos tan (DPC)
)
(/usr/share/texlive/texmf-dist/tex/latex/latexconfig/graphics.cfg
File: graphics.cfg 2010/04/23 v1.9 graphics configuration of TeX Live
)
Package graphics Info: Driver file: pdftex.def on input line 95.

(/usr/share/texlive/texmf-dist/tex/latex/pdftex-def/pdftex.def
File: pdftex.def 2011/05/27 v0.06d Graphics/color for pdfTeX

(/usr/share/texlive/texmf-dist/tex/generic/oberdiek/infwarerr.sty
Package: infwarerr 2010/04/08 v1.3 Providing info/warning/error messages (HO)
)
(/usr/share/texlive/texmf-dist/tex/generic/oberdiek/ltxcmds.sty
Package: ltxcmds 2011/11/09 v1.22 LaTeX kernel commands for general use (HO)
)
\Gread@gobject=\count101
))
\Gin@req@height=\dimen112
\Gin@req@width=\dimen113
)
(/usr/share/texlive/texmf-dist/tex/latex/caption/caption.sty
Package: caption 2016/02/21 v3.3-144 Customizing captions (AR)

(/usr/share/texlive/texmf-dist/tex/latex/caption/caption3.sty
Package: caption3 2016/02/04 v1.7-139 caption3 kernel (AR)
Package caption3 Info: TeX engine: e-TeX on input line 67.
\captionmargin=\dimen114
\captionmargin@=\dimen115
\captionwidth=\dimen116
\caption@tempdima=\dimen117
\caption@indent=\dimen118
\caption@parindent=\dimen119
\caption@hangindent=\dimen120
)
\c@ContinuedFloat=\count102
Package caption Info: float package is loaded.
)
(/usr/share/texlive/texmf-dist/tex/latex/caption/subcaption.sty
Package: subcaption 2016/02/20 v1.1-142 Sub-captions (AR)
\c@subfigure=\count103
\c@subtable=\count104
)
(/usr/share/texlive/texmf-dist/tex/latex/cite/cite.sty
LaTeX Info: Redefining \cite on input line 302.
LaTeX Info: Redefining \nocite on input line 332.
Package: cite 2015/02/27  v 5.5
)
(/usr/share/texlive/texmf-dist/tex/latex/braket/braket.sty)
(/usr/share/texlive/texmf-dist/tex/latex/url/url.sty
\Urlmuskip=\muskip11
Package: url 2013/09/16  ver 3.4  Verb mode for urls, etc.
)
(/usr/share/texlive/texmf-dist/tex/latex/graphics/color.sty
Package: color 2016/01/03 v1.1b Standard LaTeX Color (DPC)

(/usr/share/texlive/texmf-dist/tex/latex/latexconfig/color.cfg
File: color.cfg 2007/01/18 v1.5 color configuration of teTeX/TeXLive
)
Package color Info: Driver file: pdftex.def on input line 143.
)
(/usr/share/texlive/texmf-dist/tex/latex/geometry/geometry.sty
Package: geometry 2010/09/12 v5.6 Page Geometry

(/usr/share/texlive/texmf-dist/tex/generic/oberdiek/ifpdf.sty
Package: ifpdf 2011/01/30 v2.3 Provides the ifpdf switch (HO)
Package ifpdf Info: pdfTeX in PDF mode is detected.
)
(/usr/share/texlive/texmf-dist/tex/generic/oberdiek/ifvtex.sty
Package: ifvtex 2010/03/01 v1.5 Detect VTeX and its facilities (HO)
Package ifvtex Info: VTeX not detected.
)
(/usr/share/texlive/texmf-dist/tex/generic/ifxetex/ifxetex.sty
Package: ifxetex 2010/09/12 v0.6 Provides ifxetex conditional
)
\Gm@cnth=\count105
\Gm@cntv=\count106
\c@Gm@tempcnt=\count107
\Gm@bindingoffset=\dimen121
\Gm@wd@mp=\dimen122
\Gm@odd@mp=\dimen123
\Gm@even@mp=\dimen124
\Gm@layoutwidth=\dimen125
\Gm@layoutheight=\dimen126
\Gm@layouthoffset=\dimen127
\Gm@layoutvoffset=\dimen128
\Gm@dimlist=\toks28
)
\c@lemma=\count108
\c@theorem=\count109
\c@proposition=\count110
\c@definition=\count111

(/usr/share/texlive/texmf-dist/tex/latex/jknapltx/mathrsfs.sty
Package: mathrsfs 1996/01/01 Math RSFS package v1.0 (jk)
\symrsfs=\mathgroup6
)
(./Chapter DynamicalPTs.aux

LaTeX Warning: Label `Subsec: DQPT for pure states' multiply defined.

)
\openout1 = `"Chapter DynamicalPTs.aux"'.

LaTeX Font Info:    Checking defaults for OML/cmm/m/it on input line 39.
LaTeX Font Info:    ... okay on input line 39.
LaTeX Font Info:    Checking defaults for T1/cmr/m/n on input line 39.
LaTeX Font Info:    ... okay on input line 39.
LaTeX Font Info:    Checking defaults for OT1/cmr/m/n on input line 39.
LaTeX Font Info:    ... okay on input line 39.
LaTeX Font Info:    Checking defaults for OMS/cmsy/m/n on input line 39.
LaTeX Font Info:    ... okay on input line 39.
LaTeX Font Info:    Checking defaults for OMX/cmex/m/n on input line 39.
LaTeX Font Info:    ... okay on input line 39.
LaTeX Font Info:    Checking defaults for U/cmr/m/n on input line 39.
LaTeX Font Info:    ... okay on input line 39.
 (/usr/share/texlive/texmf-dist/tex/context/base/supp-pdf.mkii
[Loading MPS to PDF converter (version 2006.09.02).]
\scratchcounter=\count112
\scratchdimen=\dimen129
\scratchbox=\box30
\nofMPsegments=\count113
\nofMParguments=\count114
\everyMPshowfont=\toks29
\MPscratchCnt=\count115
\MPscratchDim=\dimen130
\MPnumerator=\count116
\makeMPintoPDFobject=\count117
\everyMPtoPDFconversion=\toks30
) (/usr/share/texlive/texmf-dist/tex/generic/oberdiek/pdftexcmds.sty
Package: pdftexcmds 2011/11/29 v0.20 Utility functions of pdfTeX for LuaTeX (HO
)

(/usr/share/texlive/texmf-dist/tex/generic/oberdiek/ifluatex.sty
Package: ifluatex 2010/03/01 v1.3 Provides the ifluatex switch (HO)
Package ifluatex Info: LuaTeX not detected.
)
Package pdftexcmds Info: LuaTeX not detected.
Package pdftexcmds Info: \pdf@primitive is available.
Package pdftexcmds Info: \pdf@ifprimitive is available.
Package pdftexcmds Info: \pdfdraftmode found.
)
(/usr/share/texlive/texmf-dist/tex/latex/oberdiek/epstopdf-base.sty
Package: epstopdf-base 2010/02/09 v2.5 Base part for package epstopdf

(/usr/share/texlive/texmf-dist/tex/latex/oberdiek/grfext.sty
Package: grfext 2010/08/19 v1.1 Manage graphics extensions (HO)

(/usr/share/texlive/texmf-dist/tex/generic/oberdiek/kvdefinekeys.sty
Package: kvdefinekeys 2011/04/07 v1.3 Define keys (HO)
))
(/usr/share/texlive/texmf-dist/tex/latex/oberdiek/kvoptions.sty
Package: kvoptions 2011/06/30 v3.11 Key value format for package options (HO)

(/usr/share/texlive/texmf-dist/tex/generic/oberdiek/kvsetkeys.sty
Package: kvsetkeys 2012/04/25 v1.16 Key value parser (HO)

(/usr/share/texlive/texmf-dist/tex/generic/oberdiek/etexcmds.sty
Package: etexcmds 2011/02/16 v1.5 Avoid name clashes with e-TeX commands (HO)
Package etexcmds Info: Could not find \expanded.
(etexcmds)             That can mean that you are not using pdfTeX 1.50 or
(etexcmds)             that some package has redefined \expanded.
(etexcmds)             In the latter case, load this package earlier.
)))
Package grfext Info: Graphics extension search list:
(grfext)             [.png,.pdf,.jpg,.mps,.jpeg,.jbig2,.jb2,.PNG,.PDF,.JPG,.JPE
G,.JBIG2,.JB2,.eps]
(grfext)             \AppendGraphicsExtensions on input line 452.

(/usr/share/texlive/texmf-dist/tex/latex/latexconfig/epstopdf-sys.cfg
File: epstopdf-sys.cfg 2010/07/13 v1.3 Configuration of (r)epstopdf for TeX Liv
e
))
Package caption Info: Begin \AtBeginDocument code.
Package caption Info: End \AtBeginDocument code.

*geometry* driver: auto-detecting
*geometry* detected driver: pdftex
*geometry* verbose mode - [ preamble ] result:
* driver: pdftex
* paper: <default>
* layout: <same size as paper>
* layoutoffset:(h,v)=(0.0pt,0.0pt)
* modes: 
* h-part:(L,W,R)=(71.13188pt, 472.03123pt, 71.13188pt)
* v-part:(T,H,B)=(71.13188pt, 652.70622pt, 71.13188pt)
* \paperwidth=614.295pt
* \paperheight=794.96999pt
* \textwidth=472.03123pt
* \textheight=652.70622pt
* \oddsidemargin=-1.1381pt
* \evensidemargin=-1.1381pt
* \topmargin=-38.1381pt
* \headheight=12.0pt
* \headsep=25.0pt
* \topskip=11.0pt
* \footskip=30.0pt
* \marginparwidth=59.0pt
* \marginparsep=10.0pt
* \columnsep=10.0pt
* \skip\footins=10.0pt plus 4.0pt minus 2.0pt
* \hoffset=0.0pt
* \voffset=0.0pt
* \mag=1000
* \@twocolumnfalse
* \@twosidefalse
* \@mparswitchfalse
* \@reversemarginfalse
* (1in=72.27pt=25.4mm, 1cm=28.453pt)

Chapter 1.

LaTeX Warning: Citation `su:sch:hee:79' on page 1 undefined on input line 48.


LaTeX Warning: Citation `qi:hug:zha:08' on page 1 undefined on input line 48.


Underfull \hbox (badness 10000) in paragraph at lines 46--49

 []


LaTeX Warning: Citation `mer:vla:pau:vie:viy:18' on page 1 undefined on input l
ine 52.

[1


{/var/lib/texmf/fonts/map/pdftex/updmap/pdftex.map}]

LaTeX Warning: Citation `hey:pol:keh:13' on page 2 undefined on input line 60.

LaTeX Font Info:    Try loading font information for U+msa on input line 60.
(/usr/share/texlive/texmf-dist/tex/latex/amsfonts/umsa.fd
File: umsa.fd 2013/01/14 v3.01 AMS symbols A
)
LaTeX Font Info:    Try loading font information for U+msb on input line 60.

(/usr/share/texlive/texmf-dist/tex/latex/amsfonts/umsb.fd
File: umsb.fd 2013/01/14 v3.01 AMS symbols B
)
LaTeX Font Info:    Try loading font information for U+rsfs on input line 60.

(/usr/share/texlive/texmf-dist/tex/latex/jknapltx/ursfs.fd
File: ursfs.fd 1998/03/24 rsfs font definition file (jk)
)

LaTeX Warning: Citation `chr:jam:12' on page 2 undefined on input line 93.

[2]
Underfull \hbox (badness 10000) in paragraph at lines 99--100

 []


Overfull \hbox (2.20332pt too wide) in paragraph at lines 111--113
\OT1/cmr/m/n/10.95 with $\OML/cmm/m/it/10.95 ^^_[]\OT1/cmr/m/n/10.95 (\OML/cmm/
m/it/10.95 t; ^^L; ^^U\OT1/cmr/m/n/10.95 )$ be-ing the \OT1/cmr/m/it/10.95 Dy-n
am-i-cal Fi-delity Sus-cep-ti-bil-ity \OT1/cmr/m/n/10.95 (DFS). No-tice that $[
][] \OML/cmm/m/it/10.95 ^^_[]\OT1/cmr/m/n/10.95 (\OML/cmm/m/it/10.95 t; ^^L\OT1
/cmr/m/n/10.95 ; \OML/cmm/m/it/10.95 ^^U\OT1/cmr/m/n/10.95 ) =
 []


LaTeX Warning: Citation `uhl:11' on page 3 undefined on input line 114.


Underfull \hbox (badness 10000) in paragraph at lines 114--115

 []


LaTeX Warning: Citation `bud:hey:16' on page 3 undefined on input line 123.


LaTeX Warning: Citation `chr:jam:12' on page 3 undefined on input line 123.

[3]

LaTeX Warning: Citation `sjo:pat:eke:ana:eri:oi:ved:00' on page 4 undefined on 
input line 140.


LaTeX Warning: Citation `ton:sjo:kwe:oh' on page 4 undefined on input line 140.



Underfull \hbox (badness 10000) in paragraph at lines 139--141

 []

[4]

LaTeX Warning: Citation `yan:lee:52' on page 5 undefined on input line 164.


LaTeX Warning: Citation `lee:yan:52' on page 5 undefined on input line 164.


LaTeX Warning: Citation `fis:65' on page 5 undefined on input line 164.


LaTeX Warning: Citation `pat:96' on page 5 undefined on input line 170.

<susceptibility.pdf, id=32, 479.7925pt x 333.245pt>
File: susceptibility.pdf Graphic file (type pdf)
 <use susceptibility.pdf>
Package pdftex.def Info: susceptibility.pdf used on input line 174.
(pdftex.def)             Requested size: 239.89565pt x 166.62209pt.


Package caption Warning: \label without proper reference on input line 177.
See the caption package documentation for explanation.


LaTeX Warning: Reference `fig:suscep' on page 5 undefined on input line 181.


LaTeX Warning: Citation `hey:bud:17' on page 5 undefined on input line 181.


LaTeX Warning: Citation `bah:ban:dut:17' on page 5 undefined on input line 181.



Underfull \hbox (badness 10000) in paragraph at lines 181--182

 []

[5 <./susceptibility.pdf>] [6]

LaTeX Warning: Citation `hel:76' on page 7 undefined on input line 192.


LaTeX Warning: Citation `sjo:pat:eke:ana:eri:oi:ved:00' on page 7 undefined on 
input line 194.


LaTeX Warning: Citation `bas:loc:sat:sin:ulb:13' on page 7 undefined on input l
ine 196.


Underfull \hbox (badness 10000) in paragraph at lines 196--197

 []

[7]

LaTeX Warning: Citation `hey:bud:17' on page 8 undefined on input line 200.


LaTeX Warning: Citation `bah:ban:dut:17' on page 8 undefined on input line 200.



Overfull \hbox (13.00441pt too wide) in paragraph at lines 209--209
[] 
 []


LaTeX Warning: Reference `eq:su(2)toso(3)' on page 8 undefined on input line 20
9.


LaTeX Warning: Citation `su:sch:hee:79' on page 8 undefined on input line 209.


LaTeX Warning: Citation `qi:hug:zha:08' on page 8 undefined on input line 209.


LaTeX Warning: Citation `su:sch:hee:79' on page 8 undefined on input line 213.


LaTeX Warning: Citation `ric:mel:82' on page 8 undefined on input line 213.


Package caption Warning: \label without proper reference on input line 227.
See the caption package documentation for explanation.


LaTeX Warning: Reference `fig:SSHtrivialtopological' on page 8 undefined on inp
ut line 220.


Package caption Warning: \label without proper reference on input line 236.
See the caption package documentation for explanation.


LaTeX Warning: Reference `fig:SSHtopologicaltrivial' on page 8 undefined on inp
ut line 220.

<SSH_trivial_to_topological.pdf, id=57, 684.5575pt x 472.76625pt>
File: SSH_trivial_to_topological.pdf Graphic file (type pdf)

<use SSH_trivial_to_topological.pdf>
Package pdftex.def Info: SSH_trivial_to_topological.pdf used on input line 224.

(pdftex.def)             Requested size: 205.36882pt x 141.83096pt.


LaTeX Warning: `h' float specifier changed to `ht'.

<SSH_topological_to_trivial.pdf, id=58, 639.38875pt x 438.63875pt>
File: SSH_topological_to_trivial.pdf Graphic file (type pdf)

<use SSH_topological_to_trivial.pdf>
Package pdftex.def Info: SSH_topological_to_trivial.pdf used on input line 233.

(pdftex.def)             Requested size: 191.8181pt x 131.59264pt.


LaTeX Warning: `h' float specifier changed to `ht'.


LaTeX Warning: Citation `qi:hug:zha:08' on page 8 undefined on input line 243.

[8]
LaTeX Font Info:    Try loading font information for OMS+cmr on input line 250.

 (/usr/share/texlive/texmf-dist/tex/latex/base/omscmr.fd
File: omscmr.fd 2014/09/29 v2.5h Standard LaTeX font definitions
)
LaTeX Font Info:    Font shape `OMS/cmr/m/n' in size <10.95> not available
(Font)              Font shape `OMS/cmsy/m/n' tried instead on input line 250.
 [9 <./SSH_trivial_to_topological.pdf> <./SSH_topological_to_trivial.pdf

pdfTeX warning: pdflatex (file ./SSH_topological_to_trivial.pdf): PDF inclusion
: multiple pdfs with page group included in a single page
>]

Package caption Warning: \label without proper reference on input line 263.
See the caption package documentation for explanation.


LaTeX Warning: Reference `fig:MDM-trivial-L-topo--1' on page 10 undefined on in
put line 257.


Package caption Warning: \label without proper reference on input line 270.
See the caption package documentation for explanation.


LaTeX Warning: Reference `fig:MDM-topo--1-trivial-L' on page 10 undefined on in
put line 257.


Package caption Warning: \label without proper reference on input line 277.
See the caption package documentation for explanation.


LaTeX Warning: Reference `fig:MDM-topo-+1-topo--1' on page 10 undefined on inpu
t line 257.

<MDM_trivial_L_topo_-1.pdf, id=82, 691.58376pt x 454.69875pt>
File: MDM_trivial_L_topo_-1.pdf Graphic file (type pdf)

<use MDM_trivial_L_topo_-1.pdf>
Package pdftex.def Info: MDM_trivial_L_topo_-1.pdf used on input line 261.
(pdftex.def)             Requested size: 207.47672pt x 136.41068pt.

<MDM_topo_-1_trivial_L.pdf, id=83, 691.58376pt x 454.69875pt>
File: MDM_topo_-1_trivial_L.pdf Graphic file (type pdf)

<use MDM_topo_-1_trivial_L.pdf>
Package pdftex.def Info: MDM_topo_-1_trivial_L.pdf used on input line 268.
(pdftex.def)             Requested size: 207.47672pt x 136.41068pt.

<MDM_topo_+1_topo_-1.pdf, id=84, 691.58376pt x 460.72125pt>
File: MDM_topo_+1_topo_-1.pdf Graphic file (type pdf)

<use MDM_topo_+1_topo_-1.pdf>
Package pdftex.def Info: MDM_topo_+1_topo_-1.pdf used on input line 275.
(pdftex.def)             Requested size: 207.47672pt x 138.21744pt.


LaTeX Warning: `h' float specifier changed to `ht'.


LaTeX Warning: Citation `kem:que:smi:16' on page 10 undefined on input line 282
.


Package caption Warning: \label without proper reference on input line 297.
See the caption package documentation for explanation.


LaTeX Warning: Reference `fig:MDM-trivial-L-topo-+1' on page 10 undefined on in
put line 285.


Package caption Warning: \label without proper reference on input line 304.
See the caption package documentation for explanation.


LaTeX Warning: Reference `fig:MDM-topo--1-trivial-R' on page 10 undefined on in
put line 285.

[10 <./MDM_trivial_L_topo_-1.pdf> <./MDM_topo_-1_trivial_L.pdf

pdfTeX warning: pdflatex (file ./MDM_topo_-1_trivial_L.pdf): PDF inclusion: mul
tiple pdfs with page group included in a single page
>] <MDM_trivial_L_topo_+1.pdf, id=115, 691.58376pt x 458.71375pt>
File: MDM_trivial_L_topo_+1.pdf Graphic file (type pdf)

<use MDM_trivial_L_topo_+1.pdf>
Package pdftex.def Info: MDM_trivial_L_topo_+1.pdf used on input line 293.
(pdftex.def)             Requested size: 207.47672pt x 137.61519pt.

<MDM_topo_-1_trivial_R.pdf, id=116, 691.58376pt x 457.71pt>
File: MDM_topo_-1_trivial_R.pdf Graphic file (type pdf)

<use MDM_topo_-1_trivial_R.pdf>
Package pdftex.def Info: MDM_topo_-1_trivial_R.pdf used on input line 302.
(pdftex.def)             Requested size: 207.47672pt x 137.31406pt.


LaTeX Warning: `h' float specifier changed to `ht'.

[11 <./MDM_topo_+1_topo_-1.pdf> <./MDM_trivial_L_topo_+1.pdf

pdfTeX warning: pdflatex (file ./MDM_trivial_L_topo_+1.pdf): PDF inclusion: mul
tiple pdfs with page group included in a single page
>]

LaTeX Warning: Citation `hey:bud:17' on page 12 undefined on input line 319.


LaTeX Warning: Citation `bah:ban:dut:17' on page 12 undefined on input line 319
.

No file "Chapter DynamicalPTs".bbl.
[12 <./MDM_topo_-1_trivial_R.pdf>] (./Chapter DynamicalPTs.aux)

LaTeX Warning: There were undefined references.


LaTeX Warning: There were multiply-defined labels.

 ) 
Here is how much of TeX's memory you used:
 4505 strings out of 494910
 66278 string characters out of 6179836
 131543 words of memory out of 5000000
 7708 multiletter control sequences out of 15000+600000
 13753 words of font info for 55 fonts, out of 8000000 for 9000
 36 hyphenation exceptions out of 8191
 38i,12n,39p,2504b,337s stack positions out of 5000i,500n,10000p,200000b,80000s
</usr/share/texlive/texmf-dist/fonts/type1/public/amsfonts/cm/cmbx10.pfb></us
r/share/texlive/texmf-dist/fonts/type1/public/amsfonts/cm/cmbx12.pfb></usr/shar
e/texlive/texmf-dist/fonts/type1/public/amsfonts/cm/cmex10.pfb></usr/share/texl
ive/texmf-dist/fonts/type1/public/amsfonts/cmextra/cmex8.pfb></usr/share/texliv
e/texmf-dist/fonts/type1/public/amsfonts/cm/cmmi10.pfb></usr/share/texlive/texm
f-dist/fonts/type1/public/amsfonts/cm/cmmi5.pfb></usr/share/texlive/texmf-dist/
fonts/type1/public/amsfonts/cm/cmmi6.pfb></usr/share/texlive/texmf-dist/fonts/t
ype1/public/amsfonts/cm/cmmi7.pfb></usr/share/texlive/texmf-dist/fonts/type1/pu
blic/amsfonts/cm/cmmi8.pfb></usr/share/texlive/texmf-dist/fonts/type1/public/am
sfonts/cm/cmr10.pfb></usr/share/texlive/texmf-dist/fonts/type1/public/amsfonts/
cm/cmr6.pfb></usr/share/texlive/texmf-dist/fonts/type1/public/amsfonts/cm/cmr7.
pfb></usr/share/texlive/texmf-dist/fonts/type1/public/amsfonts/cm/cmr8.pfb></us
r/share/texlive/texmf-dist/fonts/type1/public/amsfonts/cm/cmsy10.pfb></usr/shar
e/texlive/texmf-dist/fonts/type1/public/amsfonts/cm/cmsy6.pfb></usr/share/texli
ve/texmf-dist/fonts/type1/public/amsfonts/cm/cmsy7.pfb></usr/share/texlive/texm
f-dist/fonts/type1/public/amsfonts/cm/cmsy8.pfb></usr/share/texlive/texmf-dist/
fonts/type1/public/amsfonts/cm/cmti10.pfb></usr/share/texlive/texmf-dist/fonts/
type1/public/amsfonts/symbols/msbm10.pfb>
Output written on "Chapter DynamicalPTs.pdf" (12 pages, 508477 bytes).
PDF statistics:
 225 PDF objects out of 1000 (max. 8388607)
 154 compressed objects within 2 object streams
 0 named destinations out of 1000 (max. 500000)
 41 words of extra memory for PDF output out of 10000 (max. 10000000)

