This is pdfTeX, Version 3.14159265-2.6-1.40.16 (TeX Live 2015/Debian) (preloaded format=pdflatex 2018.2.18)  23 APR 2018 19:10
entering extended mode
 restricted \write18 enabled.
 %&-line parsing enabled.
**"Chapter QKD.tex"
(./Chapter QKD.tex
LaTeX2e <2016/02/01>
Babel <3.9q> and hyphenation patterns for 5 language(s) loaded.
(/usr/share/texlive/texmf-dist/tex/latex/base/report.cls
Document Class: report 2014/09/29 v1.4h Standard LaTeX document class
(/usr/share/texlive/texmf-dist/tex/latex/base/size11.clo
File: size11.clo 2014/09/29 v1.4h Standard LaTeX file (size option)
)
\c@part=\count79
\c@chapter=\count80
\c@section=\count81
\c@subsection=\count82
\c@subsubsection=\count83
\c@paragraph=\count84
\c@subparagraph=\count85
\c@figure=\count86
\c@table=\count87
\abovecaptionskip=\skip41
\belowcaptionskip=\skip42
\bibindent=\dimen102
)
(/usr/share/texlive/texmf-dist/tex/latex/amsmath/amsmath.sty
Package: amsmath 2016/03/03 v2.15a AMS math features
\@mathmargin=\skip43

For additional information on amsmath, use the `?' option.
(/usr/share/texlive/texmf-dist/tex/latex/amsmath/amstext.sty
Package: amstext 2000/06/29 v2.01 AMS text

(/usr/share/texlive/texmf-dist/tex/latex/amsmath/amsgen.sty
File: amsgen.sty 1999/11/30 v2.0 generic functions
\@emptytoks=\toks14
\ex@=\dimen103
))
(/usr/share/texlive/texmf-dist/tex/latex/amsmath/amsbsy.sty
Package: amsbsy 1999/11/29 v1.2d Bold Symbols
\pmbraise@=\dimen104
)
(/usr/share/texlive/texmf-dist/tex/latex/amsmath/amsopn.sty
Package: amsopn 1999/12/14 v2.01 operator names
)
\inf@bad=\count88
LaTeX Info: Redefining \frac on input line 199.
\uproot@=\count89
\leftroot@=\count90
LaTeX Info: Redefining \overline on input line 297.
\classnum@=\count91
\DOTSCASE@=\count92
LaTeX Info: Redefining \ldots on input line 394.
LaTeX Info: Redefining \dots on input line 397.
LaTeX Info: Redefining \cdots on input line 518.
\Mathstrutbox@=\box26
\strutbox@=\box27
\big@size=\dimen105
LaTeX Font Info:    Redeclaring font encoding OML on input line 630.
LaTeX Font Info:    Redeclaring font encoding OMS on input line 631.
\macc@depth=\count93
\c@MaxMatrixCols=\count94
\dotsspace@=\muskip10
\c@parentequation=\count95
\dspbrk@lvl=\count96
\tag@help=\toks15
\row@=\count97
\column@=\count98
\maxfields@=\count99
\andhelp@=\toks16
\eqnshift@=\dimen106
\alignsep@=\dimen107
\tagshift@=\dimen108
\tagwidth@=\dimen109
\totwidth@=\dimen110
\lineht@=\dimen111
\@envbody=\toks17
\multlinegap=\skip44
\multlinetaggap=\skip45
\mathdisplay@stack=\toks18
LaTeX Info: Redefining \[ on input line 2735.
LaTeX Info: Redefining \] on input line 2736.
)
(/usr/share/texlive/texmf-dist/tex/latex/amscls/amsthm.sty
Package: amsthm 2015/03/04 v2.20.2
\thm@style=\toks19
\thm@bodyfont=\toks20
\thm@headfont=\toks21
\thm@notefont=\toks22
\thm@headpunct=\toks23
\thm@preskip=\skip46
\thm@postskip=\skip47
\thm@headsep=\skip48
\dth@everypar=\toks24
)
(/usr/share/texlive/texmf-dist/tex/latex/amsfonts/amssymb.sty
Package: amssymb 2013/01/14 v3.01 AMS font symbols

(/usr/share/texlive/texmf-dist/tex/latex/amsfonts/amsfonts.sty
Package: amsfonts 2013/01/14 v3.01 Basic AMSFonts support
\symAMSa=\mathgroup4
\symAMSb=\mathgroup5
LaTeX Font Info:    Overwriting math alphabet `\mathfrak' in version `bold'
(Font)                  U/euf/m/n --> U/euf/b/n on input line 106.
))
(/usr/share/texlive/texmf-dist/tex/latex/float/float.sty
Package: float 2001/11/08 v1.3d Float enhancements (AL)
\c@float@type=\count100
\float@exts=\toks25
\float@box=\box28
\@float@everytoks=\toks26
\@floatcapt=\box29
)
(/usr/share/texlive/texmf-dist/tex/latex/graphics/graphicx.sty
Package: graphicx 2014/10/28 v1.0g Enhanced LaTeX Graphics (DPC,SPQR)

(/usr/share/texlive/texmf-dist/tex/latex/graphics/keyval.sty
Package: keyval 2014/10/28 v1.15 key=value parser (DPC)
\KV@toks@=\toks27
)
(/usr/share/texlive/texmf-dist/tex/latex/graphics/graphics.sty
Package: graphics 2016/01/03 v1.0q Standard LaTeX Graphics (DPC,SPQR)

(/usr/share/texlive/texmf-dist/tex/latex/graphics/trig.sty
Package: trig 2016/01/03 v1.10 sin cos tan (DPC)
)
(/usr/share/texlive/texmf-dist/tex/latex/latexconfig/graphics.cfg
File: graphics.cfg 2010/04/23 v1.9 graphics configuration of TeX Live
)
Package graphics Info: Driver file: pdftex.def on input line 95.

(/usr/share/texlive/texmf-dist/tex/latex/pdftex-def/pdftex.def
File: pdftex.def 2011/05/27 v0.06d Graphics/color for pdfTeX

(/usr/share/texlive/texmf-dist/tex/generic/oberdiek/infwarerr.sty
Package: infwarerr 2010/04/08 v1.3 Providing info/warning/error messages (HO)
)
(/usr/share/texlive/texmf-dist/tex/generic/oberdiek/ltxcmds.sty
Package: ltxcmds 2011/11/09 v1.22 LaTeX kernel commands for general use (HO)
)
\Gread@gobject=\count101
))
\Gin@req@height=\dimen112
\Gin@req@width=\dimen113
)
(/usr/share/texlive/texmf-dist/tex/latex/caption/caption.sty
Package: caption 2016/02/21 v3.3-144 Customizing captions (AR)

(/usr/share/texlive/texmf-dist/tex/latex/caption/caption3.sty
Package: caption3 2016/02/04 v1.7-139 caption3 kernel (AR)
Package caption3 Info: TeX engine: e-TeX on input line 67.
\captionmargin=\dimen114
\captionmargin@=\dimen115
\captionwidth=\dimen116
\caption@tempdima=\dimen117
\caption@indent=\dimen118
\caption@parindent=\dimen119
\caption@hangindent=\dimen120
)
\c@ContinuedFloat=\count102
Package caption Info: float package is loaded.
)
(/usr/share/texlive/texmf-dist/tex/latex/caption/subcaption.sty
Package: subcaption 2016/02/20 v1.1-142 Sub-captions (AR)
\c@subfigure=\count103
\c@subtable=\count104
)
(/usr/share/texlive/texmf-dist/tex/latex/cite/cite.sty
LaTeX Info: Redefining \cite on input line 302.
LaTeX Info: Redefining \nocite on input line 332.
Package: cite 2015/02/27  v 5.5
)
(/usr/share/texlive/texmf-dist/tex/latex/braket/braket.sty)
(/usr/share/texlive/texmf-dist/tex/latex/url/url.sty
\Urlmuskip=\muskip11
Package: url 2013/09/16  ver 3.4  Verb mode for urls, etc.
)
(/usr/share/texlive/texmf-dist/tex/latex/graphics/color.sty
Package: color 2016/01/03 v1.1b Standard LaTeX Color (DPC)

(/usr/share/texlive/texmf-dist/tex/latex/latexconfig/color.cfg
File: color.cfg 2007/01/18 v1.5 color configuration of teTeX/TeXLive
)
Package color Info: Driver file: pdftex.def on input line 143.
)
(/usr/share/texlive/texmf-dist/tex/latex/geometry/geometry.sty
Package: geometry 2010/09/12 v5.6 Page Geometry

(/usr/share/texlive/texmf-dist/tex/generic/oberdiek/ifpdf.sty
Package: ifpdf 2011/01/30 v2.3 Provides the ifpdf switch (HO)
Package ifpdf Info: pdfTeX in PDF mode is detected.
)
(/usr/share/texlive/texmf-dist/tex/generic/oberdiek/ifvtex.sty
Package: ifvtex 2010/03/01 v1.5 Detect VTeX and its facilities (HO)
Package ifvtex Info: VTeX not detected.
)
(/usr/share/texlive/texmf-dist/tex/generic/ifxetex/ifxetex.sty
Package: ifxetex 2010/09/12 v0.6 Provides ifxetex conditional
)
\Gm@cnth=\count105
\Gm@cntv=\count106
\c@Gm@tempcnt=\count107
\Gm@bindingoffset=\dimen121
\Gm@wd@mp=\dimen122
\Gm@odd@mp=\dimen123
\Gm@even@mp=\dimen124
\Gm@layoutwidth=\dimen125
\Gm@layoutheight=\dimen126
\Gm@layouthoffset=\dimen127
\Gm@layoutvoffset=\dimen128
\Gm@dimlist=\toks28
)
\c@lemma=\count108
\c@theorem=\count109
\c@proposition=\count110
\c@definition=\count111
\c@protocol=\count112

(./Chapter QKD.aux)
\openout1 = `"Chapter QKD.aux"'.

LaTeX Font Info:    Checking defaults for OML/cmm/m/it on input line 44.
LaTeX Font Info:    ... okay on input line 44.
LaTeX Font Info:    Checking defaults for T1/cmr/m/n on input line 44.
LaTeX Font Info:    ... okay on input line 44.
LaTeX Font Info:    Checking defaults for OT1/cmr/m/n on input line 44.
LaTeX Font Info:    ... okay on input line 44.
LaTeX Font Info:    Checking defaults for OMS/cmsy/m/n on input line 44.
LaTeX Font Info:    ... okay on input line 44.
LaTeX Font Info:    Checking defaults for OMX/cmex/m/n on input line 44.
LaTeX Font Info:    ... okay on input line 44.
LaTeX Font Info:    Checking defaults for U/cmr/m/n on input line 44.
LaTeX Font Info:    ... okay on input line 44.

(/usr/share/texlive/texmf-dist/tex/context/base/supp-pdf.mkii
[Loading MPS to PDF converter (version 2006.09.02).]
\scratchcounter=\count113
\scratchdimen=\dimen129
\scratchbox=\box30
\nofMPsegments=\count114
\nofMParguments=\count115
\everyMPshowfont=\toks29
\MPscratchCnt=\count116
\MPscratchDim=\dimen130
\MPnumerator=\count117
\makeMPintoPDFobject=\count118
\everyMPtoPDFconversion=\toks30
) (/usr/share/texlive/texmf-dist/tex/generic/oberdiek/pdftexcmds.sty
Package: pdftexcmds 2011/11/29 v0.20 Utility functions of pdfTeX for LuaTeX (HO
)

(/usr/share/texlive/texmf-dist/tex/generic/oberdiek/ifluatex.sty
Package: ifluatex 2010/03/01 v1.3 Provides the ifluatex switch (HO)
Package ifluatex Info: LuaTeX not detected.
)
Package pdftexcmds Info: LuaTeX not detected.
Package pdftexcmds Info: \pdf@primitive is available.
Package pdftexcmds Info: \pdf@ifprimitive is available.
Package pdftexcmds Info: \pdfdraftmode found.
)
(/usr/share/texlive/texmf-dist/tex/latex/oberdiek/epstopdf-base.sty
Package: epstopdf-base 2010/02/09 v2.5 Base part for package epstopdf

(/usr/share/texlive/texmf-dist/tex/latex/oberdiek/grfext.sty
Package: grfext 2010/08/19 v1.1 Manage graphics extensions (HO)

(/usr/share/texlive/texmf-dist/tex/generic/oberdiek/kvdefinekeys.sty
Package: kvdefinekeys 2011/04/07 v1.3 Define keys (HO)
))
(/usr/share/texlive/texmf-dist/tex/latex/oberdiek/kvoptions.sty
Package: kvoptions 2011/06/30 v3.11 Key value format for package options (HO)

(/usr/share/texlive/texmf-dist/tex/generic/oberdiek/kvsetkeys.sty
Package: kvsetkeys 2012/04/25 v1.16 Key value parser (HO)

(/usr/share/texlive/texmf-dist/tex/generic/oberdiek/etexcmds.sty
Package: etexcmds 2011/02/16 v1.5 Avoid name clashes with e-TeX commands (HO)
Package etexcmds Info: Could not find \expanded.
(etexcmds)             That can mean that you are not using pdfTeX 1.50 or
(etexcmds)             that some package has redefined \expanded.
(etexcmds)             In the latter case, load this package earlier.
)))
Package grfext Info: Graphics extension search list:
(grfext)             [.png,.pdf,.jpg,.mps,.jpeg,.jbig2,.jb2,.PNG,.PDF,.JPG,.JPE
G,.JBIG2,.JB2,.eps]
(grfext)             \AppendGraphicsExtensions on input line 452.

(/usr/share/texlive/texmf-dist/tex/latex/latexconfig/epstopdf-sys.cfg
File: epstopdf-sys.cfg 2010/07/13 v1.3 Configuration of (r)epstopdf for TeX Liv
e
))
Package caption Info: Begin \AtBeginDocument code.
Package caption Info: End \AtBeginDocument code.

*geometry* driver: auto-detecting
*geometry* detected driver: pdftex
*geometry* verbose mode - [ preamble ] result:
* driver: pdftex
* paper: <default>
* layout: <same size as paper>
* layoutoffset:(h,v)=(0.0pt,0.0pt)
* modes: 
* h-part:(L,W,R)=(71.13188pt, 472.03123pt, 71.13188pt)
* v-part:(T,H,B)=(71.13188pt, 652.70622pt, 71.13188pt)
* \paperwidth=614.295pt
* \paperheight=794.96999pt
* \textwidth=472.03123pt
* \textheight=652.70622pt
* \oddsidemargin=-1.1381pt
* \evensidemargin=-1.1381pt
* \topmargin=-38.1381pt
* \headheight=12.0pt
* \headsep=25.0pt
* \topskip=11.0pt
* \footskip=30.0pt
* \marginparwidth=59.0pt
* \marginparsep=10.0pt
* \columnsep=10.0pt
* \skip\footins=10.0pt plus 4.0pt minus 2.0pt
* \hoffset=0.0pt
* \voffset=0.0pt
* \mag=1000
* \@twocolumnfalse
* \@twosidefalse
* \@mparswitchfalse
* \@reversemarginfalse
* (1in=72.27pt=25.4mm, 1cm=28.453pt)

Chapter 1.

LaTeX Warning: Citation `vla:kra:mat:pau:sou:17' on page 1 undefined on input l
ine 52.

[1


{/var/lib/texmf/fonts/map/pdftex/updmap/pdftex.map}]

LaTeX Warning: Citation `nik:08' on page 2 undefined on input line 61.


LaTeX Warning: Citation `sey:nik:alb:12' on page 2 undefined on input line 61.

LaTeX Font Info:    Try loading font information for U+msa on input line 62.
(/usr/share/texlive/texmf-dist/tex/latex/amsfonts/umsa.fd
File: umsa.fd 2013/01/14 v3.01 AMS symbols A
)
LaTeX Font Info:    Try loading font information for U+msb on input line 62.

(/usr/share/texlive/texmf-dist/tex/latex/amsfonts/umsb.fd
File: umsb.fd 2013/01/14 v3.01 AMS symbols B
)
<protocol_QKD.png, id=9, 1030.85126pt x 389.455pt>
File: protocol_QKD.png Graphic file (type png)
 <use protocol_QKD.png>
Package pdftex.def Info: protocol_QKD.png used on input line 70.
(pdftex.def)             Requested size: 472.03123pt x 178.33139pt.
LaTeX Font Info:    Try loading font information for OMS+cmr on input line 83.

(/usr/share/texlive/texmf-dist/tex/latex/base/omscmr.fd
File: omscmr.fd 2014/09/29 v2.5h Standard LaTeX font definitions
)
LaTeX Font Info:    Font shape `OMS/cmr/m/it' in size <10.95> not available
(Font)              Font shape `OMS/cmsy/m/n' tried instead on input line 83.
 [2 <./protocol_QKD.png>]

LaTeX Warning: Citation `ben:bra:84' on page 3 undefined on input line 140.

[3]
Underfull \hbox (badness 10000) in paragraph at lines 145--146

 []

LaTeX Font Info:    Font shape `OMS/cmr/m/n' in size <10.95> not available
(Font)              Font shape `OMS/cmsy/m/n' tried instead on input line 150.
[4] [5] [6]
Underfull \hbox (badness 10000) in paragraph at lines 210--212

 []

[7] <protocol_one-way.png, id=41, 993.7125pt x 418.56375pt>
File: protocol_one-way.png Graphic file (type png)

<use protocol_one-way.png>
Package pdftex.def Info: protocol_one-way.png used on input line 217.
(pdftex.def)             Requested size: 472.03123pt x 198.82622pt.


LaTeX Warning: Reference `eq:coin-op' on page 8 undefined on input line 227.

[8 <./protocol_one-way.png>]

LaTeX Warning: Citation `yao:86' on page 9 undefined on input line 247.


LaTeX Warning: Citation `ben:bra:mer:92' on page 9 undefined on input line 252.



LaTeX Warning: Citation `lo:cha:99' on page 9 undefined on input line 252.

[9]

LaTeX Warning: Citation `lo:cha:ard:05' on page 10 undefined on input line 271.



LaTeX Warning: Citation `ren:gis:kra:05' on page 10 undefined on input line 271
.


LaTeX Warning: Citation `chr:kon:ren:09' on page 10 undefined on input line 271
.


LaTeX Warning: Citation `ren:07' on page 10 undefined on input line 271.


LaTeX Warning: Citation `dev:win:05' on page 10 undefined on input line 273.


LaTeX Warning: Citation `ber:chr:col:ren:ren:10' on page 10 undefined on input 
line 291.


LaTeX Warning: Citation `ber:chr:col:ren:ren:10' on page 10 undefined on input 
line 302.

[10]

LaTeX Warning: Citation `aha:amb:kem:vaz:01' on page 11 undefined on input line
 324.


LaTeX Warning: Citation `kem:03' on page 11 undefined on input line 324.

[11] <overlap-piover4.png, id=56, 280.04625pt x 177.66376pt>
File: overlap-piover4.png Graphic file (type png)

<use overlap-piover4.png>
Package pdftex.def Info: overlap-piover4.png used on input line 343.
(pdftex.def)             Requested size: 168.02904pt x 106.59906pt.


LaTeX Warning: Citation `bae:aci:07' on page 12 undefined on input line 349.

[12 <./overlap-piover4.png>]
<maxNoisePiOver4.png, id=60, 296.60812pt x 214.55156pt>
File: maxNoisePiOver4.png Graphic file (type png)

<use maxNoisePiOver4.png>
Package pdftex.def Info: maxNoisePiOver4.png used on input line 377.
(pdftex.def)             Requested size: 177.96623pt x 128.73192pt.
 <maxNoiseBigT.png, id=61, 376.40625pt x 216.81pt>
File: maxNoiseBigT.png Graphic file (type png)

<use maxNoiseBigT.png>
Package pdftex.def Info: maxNoiseBigT.png used on input line 384.
(pdftex.def)             Requested size: 225.84547pt x 130.08699pt.
 [13 <./maxNoisePiOver4.png>]
<maxNoiseCompare.png, id=66, 339.51843pt x 216.05719pt>
File: maxNoiseCompare.png Graphic file (type png)

<use maxNoiseCompare.png>
Package pdftex.def Info: maxNoiseCompare.png used on input line 393.
(pdftex.def)             Requested size: 203.71262pt x 129.6353pt.

<maxNoiseCompareBigT.png, id=67, 339.51843pt x 213.79875pt>
File: maxNoiseCompareBigT.png Graphic file (type png)

<use maxNoiseCompareBigT.png>
Package pdftex.def Info: maxNoiseCompareBigT.png used on input line 399.
(pdftex.def)             Requested size: 203.71262pt x 128.28023pt.
 [14 <./maxNoiseBigT.png> <./maxNoiseCompare.png>] <Table1.pdf, id=71, 478.4718
6pt x 76.6083pt>
File: Table1.pdf Graphic file (type pdf)
 <use Table1.pdf>
Package pdftex.def Info: Table1.pdf used on input line 426.
(pdftex.def)             Requested size: 526.32066pt x 84.26936pt.

Overfull \hbox (54.28943pt too wide) in paragraph at lines 426--427
[][] 
 []


Underfull \hbox (badness 10000) in paragraph at lines 431--432

 []

[15 <./maxNoiseCompareBigT.png> <./Table1.pdf>]
<Table2.pdf, id=145, 503.05553pt x 72.12285pt>
File: Table2.pdf Graphic file (type pdf)
 <use Table2.pdf>
Package pdftex.def Info: Table2.pdf used on input line 437.
(pdftex.def)             Requested size: 503.05429pt x 72.12265pt.

Overfull \hbox (31.02306pt too wide) in paragraph at lines 437--438
[][] 
 []


LaTeX Warning: Citation `nay:vis:00' on page 16 undefined on input line 442.


LaTeX Warning: Citation `ven:and:12' on page 16 undefined on input line 442.


Underfull \hbox (badness 10000) in paragraph at lines 442--443

 []


LaTeX Warning: Citation `boy:ken:mor:07' on page 16 undefined on input line 451
.


LaTeX Warning: Citation `boy:gel:ken:mor:09' on page 16 undefined on input line
 451.


LaTeX Warning: Citation `boy:ken:mor:07' on page 16 undefined on input line 452
.

[16 <./Table2.pdf>] <semi_quantum_QKD.png, id=195, 1028.84375pt x 547.04375pt>
File: semi_quantum_QKD.png Graphic file (type png)

<use semi_quantum_QKD.png>
Package pdftex.def Info: semi_quantum_QKD.png used on input line 464.
(pdftex.def)             Requested size: 377.62642pt x 200.792pt.
 [17]
Overfull \hbox (65.78264pt too wide) in paragraph at lines 493--494
[]$\OML/cmm/m/it/10.95 B$ \OT1/cmr/m/it/10.95 chooses ei-ther to measure-and-re
send the quan-tum state in the com-pu-ta-tional ba-sis $\OMS/cmsy/m/n/10.95 f[]
 \OML/cmm/m/it/10.95 ; [] ; []  ; []\OMS/cmsy/m/n/10.95 g$
 []

[18 <./semi_quantum_QKD.png (PNG copy)>]

LaTeX Warning: Citation `krawec2015security' on page 19 undefined on input line
 527.


LaTeX Warning: Citation `krawec2016security' on page 19 undefined on input line
 527.


LaTeX Warning: Citation `krawec2016quantum' on page 19 undefined on input line 
527.


LaTeX Warning: Citation `zha:qiu:mat:16' on page 19 undefined on input line 527
.


LaTeX Warning: Citation `boy:ken:mor:07' on page 19 undefined on input line 527
.


LaTeX Warning: Citation `boy:gel:ken:mor:09' on page 19 undefined on input line
 527.

[19]

LaTeX Warning: Citation `zou:qiu:li:wu:li:09' on page 20 undefined on input lin
e 534.


LaTeX Warning: Citation `kra:14' on page 20 undefined on input line 534.

[20] [21] [22]

LaTeX Warning: Citation `sca:bsc:csr:dus:lut:pee:09' on page 23 undefined on in
put line 642.


LaTeX Warning: Citation `jai:sti:kha:els:mar:leu:16' on page 23 undefined on in
put line 642.


LaTeX Warning: Citation `dia:lo:qi:yua:16' on page 23 undefined on input line 6
42.


LaTeX Warning: Citation `bed:arr:lin:17' on page 23 undefined on input line 642
.


LaTeX Warning: Citation `dix:etal:17' on page 23 undefined on input line 642.


LaTeX Warning: Citation `bra:lut:mor:san:00' on page 23 undefined on input line
 644.


LaTeX Warning: Citation `lut:00' on page 23 undefined on input line 644.


LaTeX Warning: Citation `lut:jah:02' on page 23 undefined on input line 644.

[23]

LaTeX Warning: Citation `hwa:03' on page 24 undefined on input line 646.


LaTeX Warning: Citation `hwa:03' on page 24 undefined on input line 646.


LaTeX Warning: Citation `lo:ma:che:05' on page 24 undefined on input line 646.


LaTeX Warning: Citation `wan:05a' on page 24 undefined on input line 646.


LaTeX Warning: Citation `wan:05b' on page 24 undefined on input line 646.


LaTeX Warning: Citation `har:ett:hug:nor:05' on page 24 undefined on input line
 646.


LaTeX Warning: Citation `ma:qi:zha:lo:05' on page 24 undefined on input line 64
6.


LaTeX Warning: Citation `wan:wan:bjo:kar:07' on page 24 undefined on input line
 646.


LaTeX Warning: Citation `ros:pet:har:ric:dal:tya:mcc:nam:bae:had:hug:nor:09' on
 page 24 undefined on input line 646.


LaTeX Warning: Citation `luc:dyn:fro:yua:shi:15' on page 24 undefined on input 
line 646.

[24]

LaTeX Warning: Citation `vak:mak:hje:01' on page 25 undefined on input line 656
.


LaTeX Warning: Citation `luc:cho:war:dyn:yua:shi:15' on page 25 undefined on in
put line 656.


LaTeX Warning: Citation `saj:min:jai:mak:17' on page 25 undefined on input line
 656.


LaTeX Warning: Citation `kur:zar:may:wei:01' on page 25 undefined on input line
 656.


LaTeX Warning: Citation `gis:fas:kra:zbi:rib:06' on page 25 undefined on input 
line 656.


LaTeX Warning: Citation `liz:lop:lop:16' on page 25 undefined on input line 658
.

[25]

LaTeX Warning: Citation `lyd:wie:wit:els:ska:mak:10' on page 26 undefined on in
put line 660.


LaTeX Warning: Citation `wie:lyd:wit:els:ska:mar:mak:leu:11' on page 26 undefin
ed on input line 660.


LaTeX Warning: Citation `liu:lin:kur:ska:mak:ger:14' on page 26 undefined on in
put line 664.


LaTeX Warning: Citation `sti:14' on page 26 undefined on input line 664.


LaTeX Warning: Citation `ele:ozh:kur:gol:mak:15' on page 26 undefined on input 
line 664.


LaTeX Warning: Citation `wan:wan:qin:wei:zha:16' on page 26 undefined on input 
line 664.


LaTeX Warning: Citation `lee:par:woo:par:kim:han:moo:16' on page 26 undefined o
n input line 664.


LaTeX Warning: Citation `mak:ani:ska:06' on page 26 undefined on input line 666
.


LaTeX Warning: Citation `lam:kur:07' on page 26 undefined on input line 666.


LaTeX Warning: Citation `zha:fun:qi:che:lo:08' on page 26 undefined on input li
ne 666.


LaTeX Warning: Citation `qi:fun:lo:ma:07' on page 26 undefined on input line 66
6.

[26]

LaTeX Warning: Citation `bec:tit:00' on page 27 undefined on input line 670.


LaTeX Warning: Citation `cer:bou:kar:gis:02' on page 27 undefined on input line
 670.


LaTeX Warning: Citation `bru:chr:eke:eng:ber:kas:mac:03' on page 27 undefined o
n input line 670.


LaTeX Warning: Citation `nik:alb:05' on page 27 undefined on input line 670.


LaTeX Warning: Citation `she:sca:10' on page 27 undefined on input line 670.


LaTeX Warning: Citation `cha:15' on page 27 undefined on input line 670.


LaTeX Warning: Citation `cha:15' on page 27 undefined on input line 673.


LaTeX Warning: Citation `get:10' on page 27 undefined on input line 675.


LaTeX Warning: Citation `get:jar:mis:14' on page 27 undefined on input line 675
.


LaTeX Warning: Citation `roh:bre:gil:13' on page 27 undefined on input line 675
.


LaTeX Warning: Citation `kra:15' on page 27 undefined on input line 675.


LaTeX Warning: Citation `aha:amb:kem:vaz:01' on page 27 undefined on input line
 675.


LaTeX Warning: Citation `bru:car:amb:03' on page 27 undefined on input line 675
.


LaTeX Warning: Citation `boy:ken:mor:07' on page 27 undefined on input line 677
.


LaTeX Warning: Citation `krawec2015security' on page 27 undefined on input line
 677.

[27]
No file "Chapter QKD".bbl.
[28] (./Chapter QKD.aux)

LaTeX Warning: There were undefined references.

 ) 
Here is how much of TeX's memory you used:
 4555 strings out of 494910
 66522 string characters out of 6179836
 132226 words of memory out of 5000000
 7764 multiletter control sequences out of 15000+600000
 12125 words of font info for 44 fonts, out of 8000000 for 9000
 36 hyphenation exceptions out of 8191
 38i,12n,39p,1662b,353s stack positions out of 5000i,500n,10000p,200000b,80000s
</usr/share/texlive/texmf-dist/fonts/type1/public/amsfonts/cm/cmbx10.pfb></us
r/share/texlive/texmf-dist/fonts/type1/public/amsfonts/cm/cmbx12.pfb></usr/shar
e/texlive/texmf-dist/fonts/type1/public/amsfonts/cm/cmbx8.pfb></usr/share/texli
ve/texmf-dist/fonts/type1/public/amsfonts/cm/cmbxti10.pfb></usr/share/texlive/t
exmf-dist/fonts/type1/public/amsfonts/cm/cmex10.pfb></usr/share/texlive/texmf-d
ist/fonts/type1/public/amsfonts/cm/cmmi10.pfb></usr/share/texlive/texmf-dist/fo
nts/type1/public/amsfonts/cm/cmmi6.pfb></usr/share/texlive/texmf-dist/fonts/typ
e1/public/amsfonts/cm/cmmi8.pfb></usr/share/texlive/texmf-dist/fonts/type1/publ
ic/amsfonts/cm/cmr10.pfb></usr/share/texlive/texmf-dist/fonts/type1/public/amsf
onts/cm/cmr6.pfb></usr/share/texlive/texmf-dist/fonts/type1/public/amsfonts/cm/
cmr7.pfb></usr/share/texlive/texmf-dist/fonts/type1/public/amsfonts/cm/cmr8.pfb
></usr/share/texlive/texmf-dist/fonts/type1/public/amsfonts/cm/cmsy10.pfb></usr
/share/texlive/texmf-dist/fonts/type1/public/amsfonts/cm/cmsy6.pfb></usr/share/
texlive/texmf-dist/fonts/type1/public/amsfonts/cm/cmsy8.pfb></usr/share/texlive
/texmf-dist/fonts/type1/public/amsfonts/cm/cmti10.pfb></usr/share/texlive/texmf
-dist/fonts/type1/public/amsfonts/symbols/msbm10.pfb>
Output written on "Chapter QKD.pdf" (28 pages, 671719 bytes).
PDF statistics:
 275 PDF objects out of 1000 (max. 8388607)
 200 compressed objects within 2 object streams
 0 named destinations out of 1000 (max. 500000)
 51 words of extra memory for PDF output out of 10000 (max. 10000000)

