This is pdfTeX, Version 3.1415926-2.3-1.40.12 (TeX Live 2011) (format=pdftex 2011.7.3)  26 APR 2018 15:17
entering extended mode
 restricted \write18 enabled.
 file:line:error style messages enabled.
 %&-line parsing enabled.
**"/Users/cvlachou/Dropbox/Thesis/Submission Documents/abstract.tex"
(/Users/cvlachou/Dropbox/Thesis/Submission Documents/abstract.tex
/Users/cvlachou/Dropbox/Thesis/Submission Documents/abstract.tex:2: Undefined control sequence.
l.2 \chapter
            *{Abstract}
The control sequence at the end of the top line
of your error message was never \def'ed. If you have
misspelled it (e.g., `\hobx'), type `I' and the correct
spelling (e.g., `I\hbox'). Otherwise just continue,
and I'll forget about whatever was undefined.

/Users/cvlachou/Dropbox/Thesis/Submission Documents/abstract.tex:3: Undefined control sequence.
l.3 \addcontentsline
                    {toc}{section}{Abstract}
The control sequence at the end of the top line
of your error message was never \def'ed. If you have
misspelled it (e.g., `\hobx'), type `I' and the correct
spelling (e.g., `I\hbox'). Otherwise just continue,
and I'll forget about whatever was undefined.

/Users/cvlachou/Dropbox/Thesis/Submission Documents/abstract.tex:14: Undefined control sequence.
l.14 \begin
           {flushleft}
The control sequence at the end of the top line
of your error message was never \def'ed. If you have
misspelled it (e.g., `\hobx'), type `I' and the correct
spelling (e.g., `I\hbox'). Otherwise just continue,
and I'll forget about whatever was undefined.

/Users/cvlachou/Dropbox/Thesis/Submission Documents/abstract.tex:15: Undefined control sequence.
l.15 \textbf
            {Key-words:} quantum cryptography, quantum walks, quantum memori...
The control sequence at the end of the top line
of your error message was never \def'ed. If you have
misspelled it (e.g., `\hobx'), type `I' and the correct
spelling (e.g., `I\hbox'). Otherwise just continue,
and I'll forget about whatever was undefined.

[1{/usr/local/texlive/2011/texmf-var/fonts/map/pdftex/updmap/pdftex.map}] )</usr/local/texlive/2011/texmf-dist/fonts/type1/public/amsfonts/cm/cmr10.pfb>
Output written on "/Users/cvlachou/Dropbox/Thesis/Submission Documents/.texpadtmp/abstract.pdf" (1 page, 23141 bytes).
PDF statistics:
 12 PDF objects out of 1000 (max. 8388607)
 7 compressed objects within 1 object stream
 0 named destinations out of 1000 (max. 500000)
 1 words of extra memory for PDF output out of 10000 (max. 10000000)

